     1 00000000                                 [FORMAT "WCOFF"]
     2 00000000                                 [INSTRSET "i486p"]
     3 00000000                                 [OPTIMIZE 1]
     4 00000000                                 [OPTION 1]
     5 00000000                                 [BITS 32]
     6 00000000                                 	EXTERN	_init_gdtidt
     7 00000000                                 	EXTERN	_init_pic
     8 00000000                                 	EXTERN	_init_pit
     9 00000000                                 	EXTERN	_io_sti
    10 00000000                                 	EXTERN	_memtest
    11 00000000                                 	EXTERN	_memman_init
    12 00000000                                 	EXTERN	_memman_free
    13 00000000                                 	EXTERN	_init_fifo32
    14 00000000                                 	EXTERN	_init_keyboard
    15 00000000                                 	EXTERN	_enable_mouse
    16 00000000                                 	EXTERN	_io_out8
    17 00000000                                 	EXTERN	_init_palette
    18 00000000                                 	EXTERN	_sheetctrl_init
    19 00000000                                 	EXTERN	_sheet_alloc
    20 00000000                                 	EXTERN	_memman_alloc_4k
    21 00000000                                 	EXTERN	_sheet_setbuf
    22 00000000                                 	EXTERN	_init_screen8
    23 00000000                                 	EXTERN	_init_mouse_cursor8
    24 00000000                                 	EXTERN	_timer_alloc
    25 00000000                                 	EXTERN	_timer_init
    26 00000000                                 	EXTERN	_timer_settimer
    27 00000000                                 	EXTERN	_make_window8
    28 00000000                                 	EXTERN	_make_textbox8
    29 00000000                                 	EXTERN	_task_init
    30 00000000                                 	EXTERN	_task_run
    31 00000000                                 	EXTERN	_task_alloc
    32 00000000                                 	EXTERN	_sheet_slide
    33 00000000                                 	EXTERN	_sheet_updown
    34 00000000                                 	EXTERN	_memman_total
    35 00000000                                 	EXTERN	_sprintf
    36 00000000                                 	EXTERN	_putStrOnSheet
    37 00000000                                 	EXTERN	_io_cli
    38 00000000                                 	EXTERN	_fifo32_status
    39 00000000                                 	EXTERN	_fifo32_get
    40 00000000                                 	EXTERN	_keytable
    41 00000000                                 	EXTERN	_putStrOnSheet_BG
    42 00000000                                 	EXTERN	_putBoxOnSheet
    43 00000000                                 	EXTERN	_set_win_title_bar
    44 00000000                                 	EXTERN	_sheet_refresh
    45 00000000                                 	EXTERN	_fifo32_put
    46 00000000                                 	EXTERN	_mouse_decode
    47 00000000                                 	EXTERN	_max
    48 00000000                                 	EXTERN	_min
    49 00000000                                 	EXTERN	_task_sleep
    50 00000000                                 	EXTERN	_task_current
    51 00000000                                 [FILE "bootpack.c"]
    52                                          [SECTION .data]
    53 00000000                                 LC0:
    54 00000000 43 6F 75 6E 74 00               	DB	"Count",0x00
    55 00000006                                 LC1:
    56 00000006 4E 6F 74 65 50 61 64 00         	DB	"NotePad",0x00
    57 0000000E                                 LC2:
    58 0000000E 63 6F 6E 73 6F 6C 65 00         	DB	"console",0x00
    59 00000016                                 LC3:
    60 00000016 5B 6D 65 6D 65 72 79 3A 20 25   	DB	"[memery: %dMB; free: %dKB;]",0x00
       00000020 64 4D 42 3B 20 66 72 65 65 3A 
       0000002A 20 25 64 4B 42 3B 5D 00 
    61 00000032                                 LC4:
    62 00000032 25 30 31 30 64 00               	DB	"%010d",0x00
    63 00000038                                 LC6:
    64 00000038 31 30 20 53 45 43 00            	DB	"10 SEC",0x00
    65 0000003F                                 LC7:
    66 0000003F 25 30 32 58 00                  	DB	"%02X",0x00
    67 00000044                                 LC9:
    68 00000044 43 6F 6E 73 6F 6C 65 00         	DB	"Console",0x00
    69 0000004C                                 LC8:
    70 0000004C 20 00                           	DB	" ",0x00
    71 0000004E                                 LC10:
    72 0000004E 5B 20 20 20 20 25 34 64 20 25   	DB	"[    %4d %4d]",0x00
       00000058 34 64 5D 00 
    73 0000005C                                 LC11:
    74 0000005C 28 25 33 64 2C 20 25 33 64 29   	DB	"(%3d, %3d)",0x00
       00000066 00 
    75 00000067                                 LC5:
    76 00000067 33 20 53 45 43 00               	DB	"3 SEC",0x00
    77                                          [SECTION .text]
    78 00000000                                 	GLOBAL	_HariMain
    79 00000000                                 _HariMain:
    80 00000000 55                              	PUSH	EBP
    81 00000001 89 E5                           	MOV	EBP,ESP
    82 00000003 57                              	PUSH	EDI
    83 00000004 56                              	PUSH	ESI
    84 00000005 53                              	PUSH	EBX
    85 00000006 8D 75 A4                        	LEA	ESI,DWORD [-92+EBP]
    86 00000009 81 EC 000003F0                  	SUB	ESP,1008
    87 0000000F C7 85 FFFFFC1C 00000000         	MOV	DWORD [-996+EBP],0
    88 00000019 E8 [00000000]                   	CALL	_init_gdtidt
    89 0000001E E8 [00000000]                   	CALL	_init_pic
    90 00000023 E8 [00000000]                   	CALL	_init_pit
    91 00000028 E8 [00000000]                   	CALL	_io_sti
    92 0000002D 68 BFFFFFFF                     	PUSH	-1073741825
    93 00000032 68 00400000                     	PUSH	4194304
    94 00000037 E8 [00000000]                   	CALL	_memtest
    95 0000003C 68 003C0000                     	PUSH	3932160
    96 00000041 89 85 FFFFFC38                  	MOV	DWORD [-968+EBP],EAX
    97 00000047 E8 [00000000]                   	CALL	_memman_init
    98 0000004C 68 0009E000                     	PUSH	647168
    99 00000051 68 00001000                     	PUSH	4096
   100 00000056 68 003C0000                     	PUSH	3932160
   101 0000005B E8 [00000000]                   	CALL	_memman_free
   102 00000060 8B 85 FFFFFC38                  	MOV	EAX,DWORD [-968+EBP]
   103 00000066 2D 00400000                     	SUB	EAX,4194304
   104 0000006B 50                              	PUSH	EAX
   105 0000006C 68 00400000                     	PUSH	4194304
   106 00000071 68 003C0000                     	PUSH	3932160
   107 00000076 E8 [00000000]                   	CALL	_memman_free
   108 0000007B 8D 85 FFFFFDA4                  	LEA	EAX,DWORD [-604+EBP]
   109 00000081 83 C4 24                        	ADD	ESP,36
   110 00000084 6A 00                           	PUSH	0
   111 00000086 50                              	PUSH	EAX
   112 00000087 68 00000080                     	PUSH	128
   113 0000008C 56                              	PUSH	ESI
   114 0000008D E8 [00000000]                   	CALL	_init_fifo32
   115 00000092 68 00000100                     	PUSH	256
   116 00000097 56                              	PUSH	ESI
   117 00000098 E8 [00000000]                   	CALL	_init_keyboard
   118 0000009D 8D 85 FFFFFD94                  	LEA	EAX,DWORD [-620+EBP]
   119 000000A3 68 00000200                     	PUSH	512
   120 000000A8 56                              	PUSH	ESI
   121 000000A9 50                              	PUSH	EAX
   122 000000AA E8 [00000000]                   	CALL	_enable_mouse
   123 000000AF 83 C4 24                        	ADD	ESP,36
   124 000000B2 68 000000F8                     	PUSH	248
   125 000000B7 6A 21                           	PUSH	33
   126 000000B9 E8 [00000000]                   	CALL	_io_out8
   127 000000BE 68 000000EF                     	PUSH	239
   128 000000C3 68 000000A1                     	PUSH	161
   129 000000C8 E8 [00000000]                   	CALL	_io_out8
   130 000000CD E8 [00000000]                   	CALL	_init_palette
   131 000000D2 0F BF 05 00000FF6               	MOVSX	EAX,WORD [4086]
   132 000000D9 50                              	PUSH	EAX
   133 000000DA 0F BF 05 00000FF4               	MOVSX	EAX,WORD [4084]
   134 000000E1 50                              	PUSH	EAX
   135 000000E2 FF 35 00000FF8                  	PUSH	DWORD [4088]
   136 000000E8 68 003C0000                     	PUSH	3932160
   137 000000ED E8 [00000000]                   	CALL	_sheetctrl_init
   138 000000F2 83 C4 20                        	ADD	ESP,32
   139 000000F5 89 C7                           	MOV	EDI,EAX
   140 000000F7 50                              	PUSH	EAX
   141 000000F8 E8 [00000000]                   	CALL	_sheet_alloc
   142 000000FD 0F BF 15 00000FF6               	MOVSX	EDX,WORD [4086]
   143 00000104 89 85 FFFFFC34                  	MOV	DWORD [-972+EBP],EAX
   144 0000010A 0F BF 05 00000FF4               	MOVSX	EAX,WORD [4084]
   145 00000111 0F AF C2                        	IMUL	EAX,EDX
   146 00000114 50                              	PUSH	EAX
   147 00000115 68 003C0000                     	PUSH	3932160
   148 0000011A E8 [00000000]                   	CALL	_memman_alloc_4k
   149 0000011F 6A FF                           	PUSH	-1
   150 00000121 89 C3                           	MOV	EBX,EAX
   151 00000123 0F BF 05 00000FF6               	MOVSX	EAX,WORD [4086]
   152 0000012A 50                              	PUSH	EAX
   153 0000012B 0F BF 05 00000FF4               	MOVSX	EAX,WORD [4084]
   154 00000132 50                              	PUSH	EAX
   155 00000133 53                              	PUSH	EBX
   156 00000134 FF B5 FFFFFC34                  	PUSH	DWORD [-972+EBP]
   157 0000013A E8 [00000000]                   	CALL	_sheet_setbuf
   158 0000013F 83 C4 20                        	ADD	ESP,32
   159 00000142 0F BF 05 00000FF6               	MOVSX	EAX,WORD [4086]
   160 00000149 50                              	PUSH	EAX
   161 0000014A 0F BF 05 00000FF4               	MOVSX	EAX,WORD [4084]
   162 00000151 50                              	PUSH	EAX
   163 00000152 53                              	PUSH	EBX
   164 00000153 8D 9D FFFFFC84                  	LEA	EBX,DWORD [-892+EBP]
   165 00000159 E8 [00000000]                   	CALL	_init_screen8
   166 0000015E 57                              	PUSH	EDI
   167 0000015F E8 [00000000]                   	CALL	_sheet_alloc
   168 00000164 6A 63                           	PUSH	99
   169 00000166 6A 10                           	PUSH	16
   170 00000168 6A 10                           	PUSH	16
   171 0000016A 89 85 FFFFFC30                  	MOV	DWORD [-976+EBP],EAX
   172 00000170 53                              	PUSH	EBX
   173 00000171 50                              	PUSH	EAX
   174 00000172 E8 [00000000]                   	CALL	_sheet_setbuf
   175 00000177 83 C4 24                        	ADD	ESP,36
   176 0000017A 6A 63                           	PUSH	99
   177 0000017C 53                              	PUSH	EBX
   178 0000017D 8D 5D C4                        	LEA	EBX,DWORD [-60+EBP]
   179 00000180 E8 [00000000]                   	CALL	_init_mouse_cursor8
   180 00000185 E8 [00000000]                   	CALL	_timer_alloc
   181 0000018A 6A 0A                           	PUSH	10
   182 0000018C 56                              	PUSH	ESI
   183 0000018D 50                              	PUSH	EAX
   184 0000018E 89 85 FFFFFC7C                  	MOV	DWORD [-900+EBP],EAX
   185 00000194 E8 [00000000]                   	CALL	_timer_init
   186 00000199 68 000003E8                     	PUSH	1000
   187 0000019E FF B5 FFFFFC7C                  	PUSH	DWORD [-900+EBP]
   188 000001A4 E8 [00000000]                   	CALL	_timer_settimer
   189 000001A9 E8 [00000000]                   	CALL	_timer_alloc
   190 000001AE 6A 03                           	PUSH	3
   191 000001B0 56                              	PUSH	ESI
   192 000001B1 50                              	PUSH	EAX
   193 000001B2 89 85 FFFFFC60                  	MOV	DWORD [-928+EBP],EAX
   194 000001B8 E8 [00000000]                   	CALL	_timer_init
   195 000001BD 83 C4 28                        	ADD	ESP,40
   196 000001C0 68 0000012C                     	PUSH	300
   197 000001C5 FF B5 FFFFFC60                  	PUSH	DWORD [-928+EBP]
   198 000001CB E8 [00000000]                   	CALL	_timer_settimer
   199 000001D0 E8 [00000000]                   	CALL	_timer_alloc
   200 000001D5 6A 01                           	PUSH	1
   201 000001D7 56                              	PUSH	ESI
   202 000001D8 50                              	PUSH	EAX
   203 000001D9 89 85 FFFFFC54                  	MOV	DWORD [-940+EBP],EAX
   204 000001DF E8 [00000000]                   	CALL	_timer_init
   205 000001E4 6A 32                           	PUSH	50
   206 000001E6 FF B5 FFFFFC54                  	PUSH	DWORD [-940+EBP]
   207 000001EC E8 [00000000]                   	CALL	_timer_settimer
   208 000001F1 57                              	PUSH	EDI
   209 000001F2 C7 85 FFFFFC14 00000008         	MOV	DWORD [-1004+EBP],8
   210 000001FC C7 85 FFFFFC10 00000007         	MOV	DWORD [-1008+EBP],7
   211 00000206 E8 [00000000]                   	CALL	_sheet_alloc
   212 0000020B 83 C4 20                        	ADD	ESP,32
   213 0000020E 6A 00                           	PUSH	0
   214 00000210 89 85 FFFFFC2C                  	MOV	DWORD [-980+EBP],EAX
   215 00000216 68 [00000000]                   	PUSH	LC0
   216 0000021B 6A 34                           	PUSH	52
   217 0000021D 68 00000090                     	PUSH	144
   218 00000222 50                              	PUSH	EAX
   219 00000223 68 003C0000                     	PUSH	3932160
   220 00000228 E8 [00000000]                   	CALL	_make_window8
   221 0000022D 57                              	PUSH	EDI
   222 0000022E E8 [00000000]                   	CALL	_sheet_alloc
   223 00000233 6A 01                           	PUSH	1
   224 00000235 68 [00000006]                   	PUSH	LC1
   225 0000023A 6A 32                           	PUSH	50
   226 0000023C 89 85 FFFFFC0C                  	MOV	DWORD [-1012+EBP],EAX
   227 00000242 68 000000A0                     	PUSH	160
   228 00000247 50                              	PUSH	EAX
   229 00000248 68 003C0000                     	PUSH	3932160
   230 0000024D E8 [00000000]                   	CALL	_make_window8
   231 00000252 83 C4 34                        	ADD	ESP,52
   232 00000255 6A 07                           	PUSH	7
   233 00000257 6A 10                           	PUSH	16
   234 00000259 68 00000090                     	PUSH	144
   235 0000025E 6A 1C                           	PUSH	28
   236 00000260 6A 08                           	PUSH	8
   237 00000262 FF B5 FFFFFC0C                  	PUSH	DWORD [-1012+EBP]
   238 00000268 E8 [00000000]                   	CALL	_make_textbox8
   239 0000026D 68 003C0000                     	PUSH	3932160
   240 00000272 E8 [00000000]                   	CALL	_task_init
   241 00000277 6A 00                           	PUSH	0
   242 00000279 6A 01                           	PUSH	1
   243 0000027B 50                              	PUSH	EAX
   244 0000027C 89 85 FFFFFC28                  	MOV	DWORD [-984+EBP],EAX
   245 00000282 89 45 BC                        	MOV	DWORD [-68+EBP],EAX
   246 00000285 E8 [00000000]                   	CALL	_task_run
   247 0000028A 83 C4 28                        	ADD	ESP,40
   248 0000028D 57                              	PUSH	EDI
   249 0000028E E8 [00000000]                   	CALL	_sheet_alloc
   250 00000293 6A 00                           	PUSH	0
   251 00000295 68 [0000000E]                   	PUSH	LC2
   252 0000029A 68 000000A5                     	PUSH	165
   253 0000029F 89 85 FFFFFC24                  	MOV	DWORD [-988+EBP],EAX
   254 000002A5 68 00000100                     	PUSH	256
   255 000002AA 50                              	PUSH	EAX
   256 000002AB 68 003C0000                     	PUSH	3932160
   257 000002B0 E8 [00000000]                   	CALL	_make_window8
   258 000002B5 6A 00                           	PUSH	0
   259 000002B7 68 00000080                     	PUSH	128
   260 000002BC 68 000000F0                     	PUSH	240
   261 000002C1 6A 1C                           	PUSH	28
   262 000002C3 6A 08                           	PUSH	8
   263 000002C5 FF B5 FFFFFC24                  	PUSH	DWORD [-988+EBP]
   264 000002CB E8 [00000000]                   	CALL	_make_textbox8
   265 000002D0 83 C4 34                        	ADD	ESP,52
   266 000002D3 E8 [00000000]                   	CALL	_task_alloc
   267 000002D8 C7 40 4C [000008E9]             	MOV	DWORD [76+EAX],_console_task
   268 000002DF 68 00010000                     	PUSH	65536
   269 000002E4 89 85 FFFFFC20                  	MOV	DWORD [-992+EBP],EAX
   270 000002EA 68 003C0000                     	PUSH	3932160
   271 000002EF E8 [00000000]                   	CALL	_memman_alloc_4k
   272 000002F4 8B 95 FFFFFC24                  	MOV	EDX,DWORD [-988+EBP]
   273 000002FA 8B 8D FFFFFC20                  	MOV	ECX,DWORD [-992+EBP]
   274 00000300 05 0000FFF8                     	ADD	EAX,65528
   275 00000305 89 41 64                        	MOV	DWORD [100+ECX],EAX
   276 00000308 C7 41 74 00000008               	MOV	DWORD [116+ECX],8
   277 0000030F C7 41 78 00000010               	MOV	DWORD [120+ECX],16
   278 00000316 C7 41 7C 00000008               	MOV	DWORD [124+ECX],8
   279 0000031D C7 81 00000080 00000008         	MOV	DWORD [128+ECX],8
   280 00000327 C7 81 00000084 00000008         	MOV	DWORD [132+ECX],8
   281 00000331 C7 81 00000088 00000008         	MOV	DWORD [136+ECX],8
   282 0000033B 89 50 04                        	MOV	DWORD [4+EAX],EDX
   283 0000033E 6A 02                           	PUSH	2
   284 00000340 6A 02                           	PUSH	2
   285 00000342 51                              	PUSH	ECX
   286 00000343 E8 [00000000]                   	CALL	_task_run
   287 00000348 6A 00                           	PUSH	0
   288 0000034A 6A 00                           	PUSH	0
   289 0000034C FF B5 FFFFFC34                  	PUSH	DWORD [-972+EBP]
   290 00000352 E8 [00000000]                   	CALL	_sheet_slide
   291 00000357 83 C4 20                        	ADD	ESP,32
   292 0000035A 68 00000091                     	PUSH	145
   293 0000035F 68 000000F5                     	PUSH	245
   294 00000364 FF B5 FFFFFC0C                  	PUSH	DWORD [-1012+EBP]
   295 0000036A E8 [00000000]                   	CALL	_sheet_slide
   296 0000036F 6A 38                           	PUSH	56
   297 00000371 6A 6C                           	PUSH	108
   298 00000373 FF B5 FFFFFC2C                  	PUSH	DWORD [-980+EBP]
   299 00000379 E8 [00000000]                   	CALL	_sheet_slide
   300 0000037E 68 000000C8                     	PUSH	200
   301 00000383 6A 46                           	PUSH	70
   302 00000385 FF B5 FFFFFC24                  	PUSH	DWORD [-988+EBP]
   303 0000038B E8 [00000000]                   	CALL	_sheet_slide
   304 00000390 83 C4 24                        	ADD	ESP,36
   305 00000393 6A 38                           	PUSH	56
   306 00000395 68 0000010C                     	PUSH	268
   307 0000039A FF B5 FFFFFD84                  	PUSH	DWORD [-636+EBP]
   308 000003A0 E8 [00000000]                   	CALL	_sheet_slide
   309 000003A5 6A 74                           	PUSH	116
   310 000003A7 6A 6C                           	PUSH	108
   311 000003A9 FF B5 FFFFFD88                  	PUSH	DWORD [-632+EBP]
   312 000003AF E8 [00000000]                   	CALL	_sheet_slide
   313 000003B4 6A 74                           	PUSH	116
   314 000003B6 68 0000010C                     	PUSH	268
   315 000003BB FF B5 FFFFFD8C                  	PUSH	DWORD [-628+EBP]
   316 000003C1 E8 [00000000]                   	CALL	_sheet_slide
   317 000003C6 83 C4 24                        	ADD	ESP,36
   318 000003C9 B9 00000002                     	MOV	ECX,2
   319 000003CE A1 00000FF4                     	MOV	EAX,DWORD [4084]
   320 000003D3 66 99                           	CWD
   321 000003D5 66 F7 F9                        	IDIV	CX
   322 000003D8 98                              	CWDE
   323 000003D9 89 85 FFFFFC40                  	MOV	DWORD [-960+EBP],EAX
   324 000003DF 66 A1 00000FF6                  	MOV	AX,WORD [4086]
   325 000003E5 66 99                           	CWD
   326 000003E7 66 F7 F9                        	IDIV	CX
   327 000003EA 98                              	CWDE
   328 000003EB 50                              	PUSH	EAX
   329 000003EC 89 85 FFFFFC3C                  	MOV	DWORD [-964+EBP],EAX
   330 000003F2 FF B5 FFFFFC40                  	PUSH	DWORD [-960+EBP]
   331 000003F8 FF B5 FFFFFC30                  	PUSH	DWORD [-976+EBP]
   332 000003FE E8 [00000000]                   	CALL	_sheet_slide
   333 00000403 6A 00                           	PUSH	0
   334 00000405 FF B5 FFFFFC34                  	PUSH	DWORD [-972+EBP]
   335 0000040B E8 [00000000]                   	CALL	_sheet_updown
   336 00000410 6A 01                           	PUSH	1
   337 00000412 FF B5 FFFFFD84                  	PUSH	DWORD [-636+EBP]
   338 00000418 E8 [00000000]                   	CALL	_sheet_updown
   339 0000041D 6A 02                           	PUSH	2
   340 0000041F FF B5 FFFFFD88                  	PUSH	DWORD [-632+EBP]
   341 00000425 E8 [00000000]                   	CALL	_sheet_updown
   342 0000042A 83 C4 24                        	ADD	ESP,36
   343 0000042D 6A 03                           	PUSH	3
   344 0000042F FF B5 FFFFFD8C                  	PUSH	DWORD [-628+EBP]
   345 00000435 E8 [00000000]                   	CALL	_sheet_updown
   346 0000043A 6A 04                           	PUSH	4
   347 0000043C FF B5 FFFFFC2C                  	PUSH	DWORD [-980+EBP]
   348 00000442 E8 [00000000]                   	CALL	_sheet_updown
   349 00000447 6A 05                           	PUSH	5
   350 00000449 FF B5 FFFFFC24                  	PUSH	DWORD [-988+EBP]
   351 0000044F E8 [00000000]                   	CALL	_sheet_updown
   352 00000454 6A 06                           	PUSH	6
   353 00000456 FF B5 FFFFFC0C                  	PUSH	DWORD [-1012+EBP]
   354 0000045C E8 [00000000]                   	CALL	_sheet_updown
   355 00000461 83 C4 20                        	ADD	ESP,32
   356 00000464 6A 07                           	PUSH	7
   357 00000466 FF B5 FFFFFC30                  	PUSH	DWORD [-976+EBP]
   358 0000046C E8 [00000000]                   	CALL	_sheet_updown
   359 00000471 68 003C0000                     	PUSH	3932160
   360 00000476 E8 [00000000]                   	CALL	_memman_total
   361 0000047B C1 AD FFFFFC38 14               	SHR	DWORD [-968+EBP],20
   362 00000482 C1 E8 0A                        	SHR	EAX,10
   363 00000485 89 04 24                        	MOV	DWORD [ESP],EAX
   364 00000488 FF B5 FFFFFC38                  	PUSH	DWORD [-968+EBP]
   365 0000048E 68 [00000016]                   	PUSH	LC3
   366 00000493 53                              	PUSH	EBX
   367 00000494 E8 [00000000]                   	CALL	_sprintf
   368 00000499 53                              	PUSH	EBX
   369 0000049A 6A 0C                           	PUSH	12
   370 0000049C 6A 20                           	PUSH	32
   371 0000049E 6A 00                           	PUSH	0
   372 000004A0 FF B5 FFFFFC34                  	PUSH	DWORD [-972+EBP]
   373 000004A6 E8 [00000000]                   	CALL	_putStrOnSheet
   374 000004AB 83 C4 2C                        	ADD	ESP,44
   375 000004AE C7 85 FFFFFC04 00000000         	MOV	DWORD [-1020+EBP],0
   376 000004B8                                 L2:
   377 000004B8 FF 85 FFFFFC04                  	INC	DWORD [-1020+EBP]
   378 000004BE 8D 7D C4                        	LEA	EDI,DWORD [-60+EBP]
   379 000004C1 FF B5 FFFFFC04                  	PUSH	DWORD [-1020+EBP]
   380 000004C7 68 [00000032]                   	PUSH	LC4
   381 000004CC 8D 75 A4                        	LEA	ESI,DWORD [-92+EBP]
   382 000004CF 57                              	PUSH	EDI
   383 000004D0 E8 [00000000]                   	CALL	_sprintf
   384 000004D5 57                              	PUSH	EDI
   385 000004D6 6A 00                           	PUSH	0
   386 000004D8 6A 1C                           	PUSH	28
   387 000004DA 6A 28                           	PUSH	40
   388 000004DC FF B5 FFFFFC2C                  	PUSH	DWORD [-980+EBP]
   389 000004E2 E8 [00000000]                   	CALL	_putStrOnSheet
   390 000004E7 83 C4 20                        	ADD	ESP,32
   391 000004EA E8 [00000000]                   	CALL	_io_cli
   392 000004EF 56                              	PUSH	ESI
   393 000004F0 E8 [00000000]                   	CALL	_fifo32_status
   394 000004F5 5A                              	POP	EDX
   395 000004F6 85 C0                           	TEST	EAX,EAX
   396 000004F8 0F 84 000003D5                  	JE	L37
   397 000004FE 56                              	PUSH	ESI
   398 000004FF E8 [00000000]                   	CALL	_fifo32_get
   399 00000504 89 C3                           	MOV	EBX,EAX
   400 00000506 E8 [00000000]                   	CALL	_io_sti
   401 0000050B 59                              	POP	ECX
   402 0000050C 83 FB 0A                        	CMP	EBX,10
   403 0000050F 75 1B                           	JNE	L38
   404 00000511 68 [00000038]                   	PUSH	LC6
   405 00000516                                 L35:
   406 00000516 6A 07                           	PUSH	7
   407 00000518 6A 40                           	PUSH	64
   408 0000051A 6A 00                           	PUSH	0
   409 0000051C FF B5 FFFFFC34                  	PUSH	DWORD [-972+EBP]
   410 00000522 E8 [00000000]                   	CALL	_putStrOnSheet
   411 00000527 83 C4 14                        	ADD	ESP,20
   412 0000052A EB 8C                           	JMP	L2
   413 0000052C                                 L38:
   414 0000052C 83 FB 0A                        	CMP	EBX,10
   415 0000052F 0F 8E 00000338                  	JLE	L39
   416 00000535 81 FB 00000100                  	CMP	EBX,256
   417 0000053B 0F 8C FFFFFF77                  	JL	L2
   418 00000541 81 FB 000001FF                  	CMP	EBX,511
   419 00000547 0F 8F 000001BB                  	JG	L40
   420 0000054D 8D 83 FFFFFF00                  	LEA	EAX,DWORD [-256+EBX]
   421 00000553 50                              	PUSH	EAX
   422 00000554 68 [0000003F]                   	PUSH	LC7
   423 00000559 57                              	PUSH	EDI
   424 0000055A E8 [00000000]                   	CALL	_sprintf
   425 0000055F 57                              	PUSH	EDI
   426 00000560 6A 07                           	PUSH	7
   427 00000562 6A 10                           	PUSH	16
   428 00000564 6A 00                           	PUSH	0
   429 00000566 FF B5 FFFFFC34                  	PUSH	DWORD [-972+EBP]
   430 0000056C E8 [00000000]                   	CALL	_putStrOnSheet
   431 00000571 83 C4 20                        	ADD	ESP,32
   432 00000574 81 FB 00000153                  	CMP	EBX,339
   433 0000057A 7F 4C                           	JG	L15
   434 0000057C 8A 83 [FFFFFF00]                	MOV	AL,BYTE [_keytable-256+EBX]
   435 00000582 84 C0                           	TEST	AL,AL
   436 00000584 74 42                           	JE	L15
   437 00000586 83 BD FFFFFC1C 00               	CMP	DWORD [-996+EBP],0
   438 0000058D 0F 85 00000156                  	JNE	L16
   439 00000593 81 BD FFFFFC14 0000008F         	CMP	DWORD [-1004+EBP],143
   440 0000059D 7F 29                           	JG	L15
   441 0000059F 57                              	PUSH	EDI
   442 000005A0 88 45 C4                        	MOV	BYTE [-60+EBP],AL
   443 000005A3 6A 07                           	PUSH	7
   444 000005A5 6A 00                           	PUSH	0
   445 000005A7 6A 1C                           	PUSH	28
   446 000005A9 FF B5 FFFFFC14                  	PUSH	DWORD [-1004+EBP]
   447 000005AF FF B5 FFFFFC0C                  	PUSH	DWORD [-1012+EBP]
   448 000005B5 C6 45 C5 00                     	MOV	BYTE [-59+EBP],0
   449 000005B9 E8 [00000000]                   	CALL	_putStrOnSheet_BG
   450 000005BE 83 C4 18                        	ADD	ESP,24
   451 000005C1 83 85 FFFFFC14 08               	ADD	DWORD [-1004+EBP],8
   452 000005C8                                 L15:
   453 000005C8 81 FB 0000010E                  	CMP	EBX,270
   454 000005CE 0F 84 000000B9                  	JE	L41
   455 000005D4                                 L19:
   456 000005D4 81 FB 0000010F                  	CMP	EBX,271
   457 000005DA 74 25                           	JE	L42
   458 000005DC                                 L23:
   459 000005DC FF B5 FFFFFC10                  	PUSH	DWORD [-1008+EBP]
   460 000005E2 6A 10                           	PUSH	16
   461 000005E4 6A 08                           	PUSH	8
   462 000005E6 6A 1C                           	PUSH	28
   463 000005E8 FF B5 FFFFFC14                  	PUSH	DWORD [-1004+EBP]
   464 000005EE FF B5 FFFFFC0C                  	PUSH	DWORD [-1012+EBP]
   465 000005F4 E8 [00000000]                   	CALL	_putBoxOnSheet
   466 000005F9 83 C4 18                        	ADD	ESP,24
   467 000005FC E9 FFFFFEB7                     	JMP	L2
   468 00000601                                 L42:
   469 00000601 83 BD FFFFFC1C 00               	CMP	DWORD [-996+EBP],0
   470 00000608 75 63                           	JNE	L24
   471 0000060A 6A 00                           	PUSH	0
   472 0000060C 68 [00000006]                   	PUSH	LC1
   473 00000611 FF B5 FFFFFC0C                  	PUSH	DWORD [-1012+EBP]
   474 00000617 C7 85 FFFFFC1C 00000001         	MOV	DWORD [-996+EBP],1
   475 00000621 E8 [00000000]                   	CALL	_set_win_title_bar
   476 00000626 6A 01                           	PUSH	1
   477 00000628                                 L36:
   478 00000628 68 [00000044]                   	PUSH	LC9
   479 0000062D FF B5 FFFFFC24                  	PUSH	DWORD [-988+EBP]
   480 00000633 E8 [00000000]                   	CALL	_set_win_title_bar
   481 00000638 8B 8D FFFFFC0C                  	MOV	ECX,DWORD [-1012+EBP]
   482 0000063E 83 C4 18                        	ADD	ESP,24
   483 00000641 6A 15                           	PUSH	21
   484 00000643 FF 71 04                        	PUSH	DWORD [4+ECX]
   485 00000646 6A 00                           	PUSH	0
   486 00000648 6A 00                           	PUSH	0
   487 0000064A 51                              	PUSH	ECX
   488 0000064B E8 [00000000]                   	CALL	_sheet_refresh
   489 00000650 8B 85 FFFFFC24                  	MOV	EAX,DWORD [-988+EBP]
   490 00000656 6A 15                           	PUSH	21
   491 00000658 FF 70 04                        	PUSH	DWORD [4+EAX]
   492 0000065B 6A 00                           	PUSH	0
   493 0000065D 6A 00                           	PUSH	0
   494 0000065F 50                              	PUSH	EAX
   495 00000660 E8 [00000000]                   	CALL	_sheet_refresh
   496 00000665 83 C4 28                        	ADD	ESP,40
   497 00000668 E9 FFFFFF6F                     	JMP	L23
   498 0000066D                                 L24:
   499 0000066D 6A 01                           	PUSH	1
   500 0000066F 68 [00000006]                   	PUSH	LC1
   501 00000674 FF B5 FFFFFC0C                  	PUSH	DWORD [-1012+EBP]
   502 0000067A C7 85 FFFFFC1C 00000000         	MOV	DWORD [-996+EBP],0
   503 00000684 E8 [00000000]                   	CALL	_set_win_title_bar
   504 00000689 6A 00                           	PUSH	0
   505 0000068B EB 9B                           	JMP	L36
   506 0000068D                                 L41:
   507 0000068D 83 BD FFFFFC1C 00               	CMP	DWORD [-996+EBP],0
   508 00000694 75 38                           	JNE	L20
   509 00000696 83 BD FFFFFC14 08               	CMP	DWORD [-1004+EBP],8
   510 0000069D 0F 8E FFFFFF31                  	JLE	L19
   511 000006A3 68 [0000004C]                   	PUSH	LC8
   512 000006A8 6A 07                           	PUSH	7
   513 000006AA 6A 07                           	PUSH	7
   514 000006AC 6A 1C                           	PUSH	28
   515 000006AE FF B5 FFFFFC14                  	PUSH	DWORD [-1004+EBP]
   516 000006B4 FF B5 FFFFFC0C                  	PUSH	DWORD [-1012+EBP]
   517 000006BA E8 [00000000]                   	CALL	_putStrOnSheet_BG
   518 000006BF 83 C4 18                        	ADD	ESP,24
   519 000006C2 83 AD FFFFFC14 08               	SUB	DWORD [-1004+EBP],8
   520 000006C9 E9 FFFFFF06                     	JMP	L19
   521 000006CE                                 L20:
   522 000006CE 8B 85 FFFFFC20                  	MOV	EAX,DWORD [-992+EBP]
   523 000006D4 68 00000108                     	PUSH	264
   524 000006D9 83 C0 10                        	ADD	EAX,16
   525 000006DC 50                              	PUSH	EAX
   526 000006DD E8 [00000000]                   	CALL	_fifo32_put
   527 000006E2 5E                              	POP	ESI
   528 000006E3 5F                              	POP	EDI
   529 000006E4 E9 FFFFFEEB                     	JMP	L19
   530 000006E9                                 L16:
   531 000006E9 0F BE C0                        	MOVSX	EAX,AL
   532 000006EC 05 00000100                     	ADD	EAX,256
   533 000006F1 50                              	PUSH	EAX
   534 000006F2 8B 85 FFFFFC20                  	MOV	EAX,DWORD [-992+EBP]
   535 000006F8 83 C0 10                        	ADD	EAX,16
   536 000006FB 50                              	PUSH	EAX
   537 000006FC E8 [00000000]                   	CALL	_fifo32_put
   538 00000701 58                              	POP	EAX
   539 00000702 5A                              	POP	EDX
   540 00000703 E9 FFFFFEC0                     	JMP	L15
   541 00000708                                 L40:
   542 00000708 81 FB 000002FF                  	CMP	EBX,767
   543 0000070E 0F 8F FFFFFDA4                  	JG	L2
   544 00000714 0F B6 C3                        	MOVZX	EAX,BL
   545 00000717 50                              	PUSH	EAX
   546 00000718 8D 85 FFFFFD94                  	LEA	EAX,DWORD [-620+EBP]
   547 0000071E 50                              	PUSH	EAX
   548 0000071F E8 [00000000]                   	CALL	_mouse_decode
   549 00000724 5A                              	POP	EDX
   550 00000725 59                              	POP	ECX
   551 00000726 85 C0                           	TEST	EAX,EAX
   552 00000728 0F 84 FFFFFD8A                  	JE	L2
   553 0000072E FF B5 FFFFFD9C                  	PUSH	DWORD [-612+EBP]
   554 00000734 FF B5 FFFFFD98                  	PUSH	DWORD [-616+EBP]
   555 0000073A 68 [0000004E]                   	PUSH	LC10
   556 0000073F 8D 5D C4                        	LEA	EBX,DWORD [-60+EBP]
   557 00000742 53                              	PUSH	EBX
   558 00000743 E8 [00000000]                   	CALL	_sprintf
   559 00000748 83 C4 10                        	ADD	ESP,16
   560 0000074B 8B 85 FFFFFDA0                  	MOV	EAX,DWORD [-608+EBP]
   561 00000751 A9 00000001                     	TEST	EAX,1
   562 00000756 74 04                           	JE	L28
   563 00000758 C6 45 C5 4C                     	MOV	BYTE [-59+EBP],76
   564 0000075C                                 L28:
   565 0000075C A9 00000002                     	TEST	EAX,2
   566 00000761 74 04                           	JE	L29
   567 00000763 C6 45 C7 52                     	MOV	BYTE [-57+EBP],82
   568 00000767                                 L29:
   569 00000767 83 E0 04                        	AND	EAX,4
   570 0000076A 74 04                           	JE	L30
   571 0000076C C6 45 C6 43                     	MOV	BYTE [-58+EBP],67
   572 00000770                                 L30:
   573 00000770 53                              	PUSH	EBX
   574 00000771 6A 07                           	PUSH	7
   575 00000773 6A 10                           	PUSH	16
   576 00000775 6A 20                           	PUSH	32
   577 00000777 FF B5 FFFFFC34                  	PUSH	DWORD [-972+EBP]
   578 0000077D E8 [00000000]                   	CALL	_putStrOnSheet
   579 00000782 6A 00                           	PUSH	0
   580 00000784 8B 95 FFFFFD98                  	MOV	EDX,DWORD [-616+EBP]
   581 0000078A 8B 8D FFFFFD9C                  	MOV	ECX,DWORD [-612+EBP]
   582 00000790 01 95 FFFFFC40                  	ADD	DWORD [-960+EBP],EDX
   583 00000796 01 8D FFFFFC3C                  	ADD	DWORD [-964+EBP],ECX
   584 0000079C FF B5 FFFFFC40                  	PUSH	DWORD [-960+EBP]
   585 000007A2 E8 [00000000]                   	CALL	_max
   586 000007A7 6A 00                           	PUSH	0
   587 000007A9 FF B5 FFFFFC3C                  	PUSH	DWORD [-964+EBP]
   588 000007AF 89 85 FFFFFC40                  	MOV	DWORD [-960+EBP],EAX
   589 000007B5 E8 [00000000]                   	CALL	_max
   590 000007BA 83 C4 24                        	ADD	ESP,36
   591 000007BD 89 85 FFFFFC3C                  	MOV	DWORD [-964+EBP],EAX
   592 000007C3 0F BF 05 00000FF4               	MOVSX	EAX,WORD [4084]
   593 000007CA 50                              	PUSH	EAX
   594 000007CB FF B5 FFFFFC40                  	PUSH	DWORD [-960+EBP]
   595 000007D1 E8 [00000000]                   	CALL	_min
   596 000007D6 89 85 FFFFFC40                  	MOV	DWORD [-960+EBP],EAX
   597 000007DC 0F BF 05 00000FF6               	MOVSX	EAX,WORD [4086]
   598 000007E3 50                              	PUSH	EAX
   599 000007E4 FF B5 FFFFFC3C                  	PUSH	DWORD [-964+EBP]
   600 000007EA E8 [00000000]                   	CALL	_min
   601 000007EF 50                              	PUSH	EAX
   602 000007F0 89 85 FFFFFC3C                  	MOV	DWORD [-964+EBP],EAX
   603 000007F6 FF B5 FFFFFC40                  	PUSH	DWORD [-960+EBP]
   604 000007FC 68 [0000005C]                   	PUSH	LC11
   605 00000801 53                              	PUSH	EBX
   606 00000802 E8 [00000000]                   	CALL	_sprintf
   607 00000807 83 C4 20                        	ADD	ESP,32
   608 0000080A 53                              	PUSH	EBX
   609 0000080B 6A 00                           	PUSH	0
   610 0000080D 6A 00                           	PUSH	0
   611 0000080F 6A 00                           	PUSH	0
   612 00000811 FF B5 FFFFFC34                  	PUSH	DWORD [-972+EBP]
   613 00000817 E8 [00000000]                   	CALL	_putStrOnSheet
   614 0000081C FF B5 FFFFFC3C                  	PUSH	DWORD [-964+EBP]
   615 00000822 FF B5 FFFFFC40                  	PUSH	DWORD [-960+EBP]
   616 00000828 FF B5 FFFFFC30                  	PUSH	DWORD [-976+EBP]
   617 0000082E E8 [00000000]                   	CALL	_sheet_slide
   618 00000833 83 C4 20                        	ADD	ESP,32
   619 00000836 F7 85 FFFFFDA0 00000001         	TEST	DWORD [-608+EBP],1
   620 00000840 0F 84 FFFFFC72                  	JE	L2
   621 00000846 8B 85 FFFFFC3C                  	MOV	EAX,DWORD [-964+EBP]
   622 0000084C 83 E8 08                        	SUB	EAX,8
   623 0000084F 50                              	PUSH	EAX
   624 00000850 8B 85 FFFFFC40                  	MOV	EAX,DWORD [-960+EBP]
   625 00000856 83 E8 50                        	SUB	EAX,80
   626 00000859 50                              	PUSH	EAX
   627 0000085A FF B5 FFFFFC0C                  	PUSH	DWORD [-1012+EBP]
   628 00000860 E8 [00000000]                   	CALL	_sheet_slide
   629 00000865 83 C4 0C                        	ADD	ESP,12
   630 00000868 E9 FFFFFC4B                     	JMP	L2
   631 0000086D                                 L39:
   632 0000086D 85 DB                           	TEST	EBX,EBX
   633 0000086F 0F 88 FFFFFC43                  	JS	L2
   634 00000875 83 FB 01                        	CMP	EBX,1
   635 00000878 7F 46                           	JG	L43
   636 0000087A 88 D8                           	MOV	AL,BL
   637 0000087C 83 F0 01                        	XOR	EAX,1
   638 0000087F 0F B6 C0                        	MOVZX	EAX,AL
   639 00000882 50                              	PUSH	EAX
   640 00000883 56                              	PUSH	ESI
   641 00000884 FF B5 FFFFFC54                  	PUSH	DWORD [-940+EBP]
   642 0000088A E8 [00000000]                   	CALL	_timer_init
   643 0000088F 6A 32                           	PUSH	50
   644 00000891 FF B5 FFFFFC54                  	PUSH	DWORD [-940+EBP]
   645 00000897 E8 [00000000]                   	CALL	_timer_settimer
   646 0000089C 83 C4 14                        	ADD	ESP,20
   647 0000089F C7 85 FFFFFC10 00000007         	MOV	DWORD [-1008+EBP],7
   648 000008A9 85 DB                           	TEST	EBX,EBX
   649 000008AB 0F 85 FFFFFD2B                  	JNE	L23
   650 000008B1 C7 85 FFFFFC10 00000000         	MOV	DWORD [-1008+EBP],0
   651 000008BB E9 FFFFFD1C                     	JMP	L23
   652 000008C0                                 L43:
   653 000008C0 83 FB 03                        	CMP	EBX,3
   654 000008C3 0F 85 FFFFFBEF                  	JNE	L2
   655 000008C9 68 [00000067]                   	PUSH	LC5
   656 000008CE E9 FFFFFC43                     	JMP	L35
   657 000008D3                                 L37:
   658 000008D3 FF B5 FFFFFC28                  	PUSH	DWORD [-984+EBP]
   659 000008D9 E8 [00000000]                   	CALL	_task_sleep
   660 000008DE E8 [00000000]                   	CALL	_io_sti
   661 000008E3 5B                              	POP	EBX
   662 000008E4 E9 FFFFFBCF                     	JMP	L2
   663                                          [SECTION .data]
   664 0000006D                                 LC12:
   665 0000006D 3E 00                           	DB	">",0x00
   666                                          [SECTION .text]
   667 000008E9                                 	GLOBAL	_console_task
   668 000008E9                                 _console_task:
   669 000008E9 55                              	PUSH	EBP
   670 000008EA 89 E5                           	MOV	EBP,ESP
   671 000008EC 57                              	PUSH	EDI
   672 000008ED 56                              	PUSH	ESI
   673 000008EE BF 00000010                     	MOV	EDI,16
   674 000008F3 53                              	PUSH	EBX
   675 000008F4 81 EC 0000020C                  	SUB	ESP,524
   676 000008FA E8 [00000000]                   	CALL	_task_current
   677 000008FF 50                              	PUSH	EAX
   678 00000900 89 85 FFFFFDE8                  	MOV	DWORD [-536+EBP],EAX
   679 00000906 8D 85 FFFFFDF4                  	LEA	EAX,DWORD [-524+EBP]
   680 0000090C 8B 9D FFFFFDE8                  	MOV	EBX,DWORD [-536+EBP]
   681 00000912 50                              	PUSH	EAX
   682 00000913 83 C3 10                        	ADD	EBX,16
   683 00000916 68 00000080                     	PUSH	128
   684 0000091B 53                              	PUSH	EBX
   685 0000091C E8 [00000000]                   	CALL	_init_fifo32
   686 00000921 E8 [00000000]                   	CALL	_timer_alloc
   687 00000926 6A 01                           	PUSH	1
   688 00000928 53                              	PUSH	EBX
   689 00000929 50                              	PUSH	EAX
   690 0000092A 89 85 FFFFFDEC                  	MOV	DWORD [-532+EBP],EAX
   691 00000930 E8 [00000000]                   	CALL	_timer_init
   692 00000935 6A 32                           	PUSH	50
   693 00000937 FF B5 FFFFFDEC                  	PUSH	DWORD [-532+EBP]
   694 0000093D E8 [00000000]                   	CALL	_timer_settimer
   695 00000942 83 C4 24                        	ADD	ESP,36
   696 00000945 68 [0000006D]                   	PUSH	LC12
   697 0000094A 6A 07                           	PUSH	7
   698 0000094C 6A 1C                           	PUSH	28
   699 0000094E 6A 08                           	PUSH	8
   700 00000950 FF 75 08                        	PUSH	DWORD [8+EBP]
   701 00000953 E8 [00000000]                   	CALL	_putStrOnSheet
   702 00000958 83 C4 14                        	ADD	ESP,20
   703 0000095B                                 L63:
   704 0000095B E8 [00000000]                   	CALL	_io_cli
   705 00000960 8B B5 FFFFFDE8                  	MOV	ESI,DWORD [-536+EBP]
   706 00000966 83 C6 10                        	ADD	ESI,16
   707 00000969 56                              	PUSH	ESI
   708 0000096A E8 [00000000]                   	CALL	_fifo32_status
   709 0000096F 5A                              	POP	EDX
   710 00000970 85 C0                           	TEST	EAX,EAX
   711 00000972 0F 84 000000DA                  	JE	L66
   712 00000978 56                              	PUSH	ESI
   713 00000979 E8 [00000000]                   	CALL	_fifo32_get
   714 0000097E 89 C3                           	MOV	EBX,EAX
   715 00000980 E8 [00000000]                   	CALL	_io_sti
   716 00000985 59                              	POP	ECX
   717 00000986 85 DB                           	TEST	EBX,EBX
   718 00000988 78 D1                           	JS	L63
   719 0000098A 83 FB 01                        	CMP	EBX,1
   720 0000098D 7F 4E                           	JG	L67
   721 0000098F 85 DB                           	TEST	EBX,EBX
   722 00000991 74 38                           	JE	L54
   723 00000993 6A 00                           	PUSH	0
   724 00000995 56                              	PUSH	ESI
   725 00000996 FF B5 FFFFFDEC                  	PUSH	DWORD [-532+EBP]
   726 0000099C E8 [00000000]                   	CALL	_timer_init
   727 000009A1 B8 00000007                     	MOV	EAX,7
   728 000009A6                                 L65:
   729 000009A6 83 C4 0C                        	ADD	ESP,12
   730 000009A9 50                              	PUSH	EAX
   731 000009AA 6A 10                           	PUSH	16
   732 000009AC 6A 08                           	PUSH	8
   733 000009AE 6A 1C                           	PUSH	28
   734 000009B0 57                              	PUSH	EDI
   735 000009B1 FF 75 08                        	PUSH	DWORD [8+EBP]
   736 000009B4 E8 [00000000]                   	CALL	_putBoxOnSheet
   737 000009B9 6A 32                           	PUSH	50
   738 000009BB FF B5 FFFFFDEC                  	PUSH	DWORD [-532+EBP]
   739 000009C1 E8 [00000000]                   	CALL	_timer_settimer
   740 000009C6 83 C4 20                        	ADD	ESP,32
   741 000009C9 EB 90                           	JMP	L63
   742 000009CB                                 L54:
   743 000009CB 6A 01                           	PUSH	1
   744 000009CD 56                              	PUSH	ESI
   745 000009CE FF B5 FFFFFDEC                  	PUSH	DWORD [-532+EBP]
   746 000009D4 E8 [00000000]                   	CALL	_timer_init
   747 000009D9 31 C0                           	XOR	EAX,EAX
   748 000009DB EB C9                           	JMP	L65
   749 000009DD                                 L67:
   750 000009DD 8D 83 FFFFFF00                  	LEA	EAX,DWORD [-256+EBX]
   751 000009E3 3D 000000FF                     	CMP	EAX,255
   752 000009E8 0F 87 FFFFFF6D                  	JA	L63
   753 000009EE 81 FB 00000108                  	CMP	EBX,264
   754 000009F4 74 3A                           	JE	L68
   755 000009F6 81 FF 000000EF                  	CMP	EDI,239
   756 000009FC 0F 8F FFFFFF59                  	JG	L63
   757 00000A02 8D 85 FFFFFDF2                  	LEA	EAX,DWORD [-526+EBP]
   758 00000A08 88 9D FFFFFDF2                  	MOV	BYTE [-526+EBP],BL
   759 00000A0E 50                              	PUSH	EAX
   760 00000A0F 6A 00                           	PUSH	0
   761 00000A11 6A 07                           	PUSH	7
   762 00000A13 6A 1C                           	PUSH	28
   763 00000A15 57                              	PUSH	EDI
   764 00000A16 83 C7 08                        	ADD	EDI,8
   765 00000A19 FF 75 08                        	PUSH	DWORD [8+EBP]
   766 00000A1C C6 85 FFFFFDF3 00               	MOV	BYTE [-525+EBP],0
   767 00000A23 E8 [00000000]                   	CALL	_putStrOnSheet_BG
   768 00000A28                                 L64:
   769 00000A28 83 C4 18                        	ADD	ESP,24
   770 00000A2B E9 FFFFFF2B                     	JMP	L63
   771 00000A30                                 L68:
   772 00000A30 83 FF 10                        	CMP	EDI,16
   773 00000A33 0F 8E FFFFFF22                  	JLE	L63
   774 00000A39 68 [0000004C]                   	PUSH	LC8
   775 00000A3E 6A 00                           	PUSH	0
   776 00000A40 6A 00                           	PUSH	0
   777 00000A42 6A 1C                           	PUSH	28
   778 00000A44 57                              	PUSH	EDI
   779 00000A45 83 EF 08                        	SUB	EDI,8
   780 00000A48 FF 75 08                        	PUSH	DWORD [8+EBP]
   781 00000A4B E8 [00000000]                   	CALL	_putStrOnSheet_BG
   782 00000A50 EB D6                           	JMP	L64
   783 00000A52                                 L66:
   784 00000A52 FF B5 FFFFFDE8                  	PUSH	DWORD [-536+EBP]
   785 00000A58 E8 [00000000]                   	CALL	_task_sleep
   786 00000A5D E8 [00000000]                   	CALL	_io_sti
   787 00000A62 5B                              	POP	EBX
   788 00000A63 E9 FFFFFEF3                     	JMP	L63
