     1 00000000                                 [FORMAT "WCOFF"]
     2 00000000                                 [INSTRSET "i486p"]
     3 00000000                                 [OPTIMIZE 1]
     4 00000000                                 [OPTION 1]
     5 00000000                                 [BITS 32]
     6 00000000                                 [FILE "data.c"]
     7 00000000                                 	GLOBAL	_table_rgb
     8                                          [SECTION .data]
     9 00000000                                 _table_rgb:
    10 00000000 00                              	DB	0
    11 00000001 00                              	DB	0
    12 00000002 00                              	DB	0
    13 00000003 FF                              	DB	-1
    14 00000004 00                              	DB	0
    15 00000005 00                              	DB	0
    16 00000006 00                              	DB	0
    17 00000007 FF                              	DB	-1
    18 00000008 00                              	DB	0
    19 00000009 FF                              	DB	-1
    20 0000000A FF                              	DB	-1
    21 0000000B 00                              	DB	0
    22 0000000C 00                              	DB	0
    23 0000000D 00                              	DB	0
    24 0000000E FF                              	DB	-1
    25 0000000F FF                              	DB	-1
    26 00000010 00                              	DB	0
    27 00000011 FF                              	DB	-1
    28 00000012 00                              	DB	0
    29 00000013 FF                              	DB	-1
    30 00000014 FF                              	DB	-1
    31 00000015 FF                              	DB	-1
    32 00000016 FF                              	DB	-1
    33 00000017 FF                              	DB	-1
    34 00000018 C6                              	DB	-58
    35 00000019 C6                              	DB	-58
    36 0000001A C6                              	DB	-58
    37 0000001B 84                              	DB	-124
    38 0000001C 00                              	DB	0
    39 0000001D 00                              	DB	0
    40 0000001E 00                              	DB	0
    41 0000001F 84                              	DB	-124
    42 00000020 00                              	DB	0
    43 00000021 84                              	DB	-124
    44 00000022 84                              	DB	-124
    45 00000023 00                              	DB	0
    46 00000024 00                              	DB	0
    47 00000025 00                              	DB	0
    48 00000026 84                              	DB	-124
    49 00000027 84                              	DB	-124
    50 00000028 00                              	DB	0
    51 00000029 84                              	DB	-124
    52 0000002A 00                              	DB	0
    53 0000002B 84                              	DB	-124
    54 0000002C 84                              	DB	-124
    55 0000002D 84                              	DB	-124
    56 0000002E 84                              	DB	-124
    57 0000002F 84                              	DB	-124
    58 00000030                                 	GLOBAL	_cursor
    59 00000030                                 _cursor:
    60 00000030 2A 2E 2E 2E 2E 2E 2E 2E 2E 2E   	DB	"*..............."
       0000003A 2E 2E 2E 2E 2E 2E 
    61 00000040 2A 2A 2E 2E 2E 2E 2E 2E 2E 2E   	DB	"**.............."
       0000004A 2E 2E 2E 2E 2E 2E 
    62 00000050 2A 4F 2A 2E 2E 2E 2E 2E 2E 2E   	DB	"*O*............."
       0000005A 2E 2E 2E 2E 2E 2E 
    63 00000060 2A 4F 4F 2A 2E 2E 2E 2E 2E 2E   	DB	"*OO*............"
       0000006A 2E 2E 2E 2E 2E 2E 
    64 00000070 2A 4F 4F 4F 2A 2E 2E 2E 2E 2E   	DB	"*OOO*..........."
       0000007A 2E 2E 2E 2E 2E 2E 
    65 00000080 2A 4F 4F 4F 4F 2A 2E 2E 2E 2E   	DB	"*OOOO*.........."
       0000008A 2E 2E 2E 2E 2E 2E 
    66 00000090 2A 4F 4F 4F 4F 4F 2A 2E 2E 2E   	DB	"*OOOOO*........."
       0000009A 2E 2E 2E 2E 2E 2E 
    67 000000A0 2A 4F 4F 4F 4F 4F 4F 2A 2E 2E   	DB	"*OOOOOO*........"
       000000AA 2E 2E 2E 2E 2E 2E 
    68 000000B0 2A 4F 4F 4F 4F 4F 4F 4F 2A 2E   	DB	"*OOOOOOO*......."
       000000BA 2E 2E 2E 2E 2E 2E 
    69 000000C0 2A 4F 4F 4F 4F 2A 2A 2A 2A 2A   	DB	"*OOOO*****......"
       000000CA 2E 2E 2E 2E 2E 2E 
    70 000000D0 2A 4F 4F 2A 4F 2A 2E 2E 2E 2E   	DB	"*OO*O*.........."
       000000DA 2E 2E 2E 2E 2E 2E 
    71 000000E0 2A 4F 2A 2E 2A 4F 2A 2E 2E 2E   	DB	"*O*.*O*........."
       000000EA 2E 2E 2E 2E 2E 2E 
    72 000000F0 2A 2A 2E 2E 2A 4F 2A 2E 2E 2E   	DB	"**..*O*........."
       000000FA 2E 2E 2E 2E 2E 2E 
    73 00000100 2A 2E 2E 2E 2E 2A 4F 2A 2E 2E   	DB	"*....*O*........"
       0000010A 2E 2E 2E 2E 2E 2E 
    74 00000110 2E 2E 2E 2E 2E 2A 4F 2A 2E 2E   	DB	".....*O*........"
       0000011A 2E 2E 2E 2E 2E 2E 
    75 00000120 2E 2E 2E 2E 2E 2E 2A 2E 2E 2E   	DB	"......*........."
       0000012A 2E 2E 2E 2E 2E 2E 
    76 00000130                                 	GLOBAL	_cursor2
    77 00000130                                 _cursor2:
    78 00000130 2A 2A 2A 2A 2A 2A 2A 2A 2A 2A   	DB	"**************.."
       0000013A 2A 2A 2A 2A 2E 2E 
    79 00000140 2A 4F 4F 4F 4F 4F 4F 4F 4F 4F   	DB	"*OOOOOOOOOOO*..."
       0000014A 4F 4F 2A 2E 2E 2E 
    80 00000150 2A 4F 4F 4F 4F 4F 4F 4F 4F 4F   	DB	"*OOOOOOOOOO*...."
       0000015A 4F 2A 2E 2E 2E 2E 
    81 00000160 2A 4F 4F 4F 4F 4F 4F 4F 4F 4F   	DB	"*OOOOOOOOO*....."
       0000016A 2A 2E 2E 2E 2E 2E 
    82 00000170 2A 4F 4F 4F 4F 4F 4F 4F 4F 2A   	DB	"*OOOOOOOO*......"
       0000017A 2E 2E 2E 2E 2E 2E 
    83 00000180 2A 4F 4F 4F 4F 4F 4F 4F 2A 2E   	DB	"*OOOOOOO*......."
       0000018A 2E 2E 2E 2E 2E 2E 
    84 00000190 2A 4F 4F 4F 4F 4F 4F 4F 2A 2E   	DB	"*OOOOOOO*......."
       0000019A 2E 2E 2E 2E 2E 2E 
    85 000001A0 2A 4F 4F 4F 4F 4F 4F 4F 4F 2A   	DB	"*OOOOOOOO*......"
       000001AA 2E 2E 2E 2E 2E 2E 
    86 000001B0 2A 4F 4F 4F 4F 2A 2A 4F 4F 4F   	DB	"*OOOO**OOO*....."
       000001BA 2A 2E 2E 2E 2E 2E 
    87 000001C0 2A 4F 4F 4F 2A 2E 2E 2A 4F 4F   	DB	"*OOO*..*OOO*...."
       000001CA 4F 2A 2E 2E 2E 2E 
    88 000001D0 2A 4F 4F 2A 2E 2E 2E 2E 2A 4F   	DB	"*OO*....*OOO*..."
       000001DA 4F 4F 2A 2E 2E 2E 
    89 000001E0 2A 4F 2A 2E 2E 2E 2E 2E 2E 2A   	DB	"*O*......*OOO*.."
       000001EA 4F 4F 4F 2A 2E 2E 
    90 000001F0 2A 2A 2E 2E 2E 2E 2E 2E 2E 2E   	DB	"**........*OOO*."
       000001FA 2A 4F 4F 4F 2A 2E 
    91 00000200 2A 2E 2E 2E 2E 2E 2E 2E 2E 2E   	DB	"*..........*OOO*"
       0000020A 2E 2A 4F 4F 4F 2A 
    92 00000210 2E 2E 2E 2E 2E 2E 2E 2E 2E 2E   	DB	"............*OO*"
       0000021A 2E 2E 2A 4F 4F 2A 
    93 00000220 2E 2E 2E 2E 2E 2E 2E 2E 2E 2E   	DB	".............***"
       0000022A 2E 2E 2E 2A 2A 2A 
    94 00000230                                 	GLOBAL	_closebtn
    95 00000230                                 _closebtn:
    96 00000230 4F 4F 4F 4F 4F 4F 4F 4F 4F 4F   	DB	"OOOOOOOOOOOOOOO@"
       0000023A 4F 4F 4F 4F 4F 40 
    97 00000240 4F 51 51 51 51 51 51 51 51 51   	DB	"OQQQQQQQQQQQQQ$@"
       0000024A 51 51 51 51 24 40 
    98 00000250 4F 51 51 51 51 51 51 51 51 51   	DB	"OQQQQQQQQQQQQQ$@"
       0000025A 51 51 51 51 24 40 
    99 00000260 4F 51 51 51 40 40 51 51 51 51   	DB	"OQQQ@@QQQQ@@QQ$@"
       0000026A 40 40 51 51 24 40 
   100 00000270 4F 51 51 51 51 40 40 51 51 40   	DB	"OQQQQ@@QQ@@QQQ$@"
       0000027A 40 51 51 51 24 40 
   101 00000280 4F 51 51 51 51 51 40 40 40 40   	DB	"OQQQQQ@@@@QQQQ$@"
       0000028A 51 51 51 51 24 40 
   102 00000290 4F 51 51 51 51 51 51 40 40 51   	DB	"OQQQQQQ@@QQQQQ$@"
       0000029A 51 51 51 51 24 40 
   103 000002A0 4F 51 51 51 51 51 40 40 40 40   	DB	"OQQQQQ@@@@QQQQ$@"
       000002AA 51 51 51 51 24 40 
   104 000002B0 4F 51 51 51 51 40 40 51 51 40   	DB	"OQQQQ@@QQ@@QQQ$@"
       000002BA 40 51 51 51 24 40 
   105 000002C0 4F 51 51 51 40 40 51 51 51 51   	DB	"OQQQ@@QQQQ@@QQ$@"
       000002CA 40 40 51 51 24 40 
   106 000002D0 4F 51 51 51 51 51 51 51 51 51   	DB	"OQQQQQQQQQQQQQ$@"
       000002DA 51 51 51 51 24 40 
   107 000002E0 4F 51 51 51 51 51 51 51 51 51   	DB	"OQQQQQQQQQQQQQ$@"
       000002EA 51 51 51 51 24 40 
   108 000002F0 4F 24 24 24 24 24 24 24 24 24   	DB	"O$$$$$$$$$$$$$$@"
       000002FA 24 24 24 24 24 40 
   109 00000300 40 40 40 40 40 40 40 40 40 40   	DB	"@@@@@@@@@@@@@@@@"
       0000030A 40 40 40 40 40 40 
   110 00000310                                 	GLOBAL	_keytable0
   111 00000310                                 _keytable0:
   112 00000310 00                              	DB	0
   113 00000311 00                              	DB	0
   114 00000312 31                              	DB	49
   115 00000313 32                              	DB	50
   116 00000314 33                              	DB	51
   117 00000315 34                              	DB	52
   118 00000316 35                              	DB	53
   119 00000317 36                              	DB	54
   120 00000318 37                              	DB	55
   121 00000319 38                              	DB	56
   122 0000031A 39                              	DB	57
   123 0000031B 30                              	DB	48
   124 0000031C 2D                              	DB	45
   125 0000031D 3D                              	DB	61
   126 0000031E 00                              	DB	0
   127 0000031F 00                              	DB	0
   128 00000320 51                              	DB	81
   129 00000321 57                              	DB	87
   130 00000322 45                              	DB	69
   131 00000323 52                              	DB	82
   132 00000324 54                              	DB	84
   133 00000325 59                              	DB	89
   134 00000326 55                              	DB	85
   135 00000327 49                              	DB	73
   136 00000328 4F                              	DB	79
   137 00000329 50                              	DB	80
   138 0000032A 5B                              	DB	91
   139 0000032B 5D                              	DB	93
   140 0000032C 00                              	DB	0
   141 0000032D 00                              	DB	0
   142 0000032E 41                              	DB	65
   143 0000032F 53                              	DB	83
   144 00000330 44                              	DB	68
   145 00000331 46                              	DB	70
   146 00000332 47                              	DB	71
   147 00000333 48                              	DB	72
   148 00000334 4A                              	DB	74
   149 00000335 4B                              	DB	75
   150 00000336 4C                              	DB	76
   151 00000337 3B                              	DB	59
   152 00000338 27                              	DB	39
   153 00000339 00                              	DB	0
   154 0000033A 00                              	DB	0
   155 0000033B 5C                              	DB	92
   156 0000033C 5A                              	DB	90
   157 0000033D 58                              	DB	88
   158 0000033E 43                              	DB	67
   159 0000033F 56                              	DB	86
   160 00000340 42                              	DB	66
   161 00000341 4E                              	DB	78
   162 00000342 4D                              	DB	77
   163 00000343 2C                              	DB	44
   164 00000344 2E                              	DB	46
   165 00000345 2F                              	DB	47
   166 00000346 00                              	DB	0
   167 00000347 2A                              	DB	42
   168 00000348 00                              	DB	0
   169 00000349 20                              	DB	32
   170 0000034A 00                              	DB	0
   171 0000034B 00                              	DB	0
   172 0000034C 00                              	DB	0
   173 0000034D 00                              	DB	0
   174 0000034E 00                              	DB	0
   175 0000034F 00                              	DB	0
   176 00000350 00                              	DB	0
   177 00000351 00                              	DB	0
   178 00000352 00                              	DB	0
   179 00000353 00                              	DB	0
   180 00000354 00                              	DB	0
   181 00000355 00                              	DB	0
   182 00000356 00                              	DB	0
   183 00000357 37                              	DB	55
   184 00000358 38                              	DB	56
   185 00000359 39                              	DB	57
   186 0000035A 2D                              	DB	45
   187 0000035B 34                              	DB	52
   188 0000035C 35                              	DB	53
   189 0000035D 36                              	DB	54
   190 0000035E 2B                              	DB	43
   191 0000035F 31                              	DB	49
   192 00000360 32                              	DB	50
   193 00000361 33                              	DB	51
   194 00000362 30                              	DB	48
   195 00000363 2E                              	DB	46
   196 00000364 00                              	DB	0
   197 00000365 00                              	DB	0
   198 00000366 00                              	DB	0
   199 00000367 00                              	DB	0
   200 00000368 00                              	DB	0
   201 00000369 00                              	DB	0
   202 0000036A 00                              	DB	0
   203 0000036B 00                              	DB	0
   204 0000036C 00                              	DB	0
   205 0000036D 00                              	DB	0
   206 0000036E 00                              	DB	0
   207 0000036F 00                              	DB	0
   208 00000370 00                              	DB	0
   209 00000371 00                              	DB	0
   210 00000372 00                              	DB	0
   211 00000373 00                              	DB	0
   212 00000374 00                              	DB	0
   213 00000375 00                              	DB	0
   214 00000376 00                              	DB	0
   215 00000377 00                              	DB	0
   216 00000378 00                              	DB	0
   217 00000379 00                              	DB	0
   218 0000037A 00                              	DB	0
   219 0000037B 00                              	DB	0
   220 0000037C 00                              	DB	0
   221 0000037D 00                              	DB	0
   222 0000037E 00                              	DB	0
   223 0000037F 00                              	DB	0
   224 00000380 00                              	DB	0
   225 00000381 00                              	DB	0
   226 00000382 00                              	DB	0
   227 00000383 5C                              	DB	92
   228 00000384 00                              	DB	0
   229 00000385 00                              	DB	0
   230 00000386 00                              	DB	0
   231 00000387 00                              	DB	0
   232 00000388 00                              	DB	0
   233 00000389 00                              	DB	0
   234 0000038A 00                              	DB	0
   235 0000038B 00                              	DB	0
   236 0000038C 00                              	DB	0
   237 0000038D 5C                              	DB	92
   238 0000038E 00                              	DB	0
   239 0000038F 00                              	DB	0
   240 00000390                                 	GLOBAL	_keytable1
   241 00000390                                 _keytable1:
   242 00000390 00                              	DB	0
   243 00000391 00                              	DB	0
   244 00000392 21                              	DB	33
   245 00000393 40                              	DB	64
   246 00000394 23                              	DB	35
   247 00000395 24                              	DB	36
   248 00000396 25                              	DB	37
   249 00000397 5E                              	DB	94
   250 00000398 26                              	DB	38
   251 00000399 2A                              	DB	42
   252 0000039A 28                              	DB	40
   253 0000039B 29                              	DB	41
   254 0000039C 5F                              	DB	95
   255 0000039D 2B                              	DB	43
   256 0000039E 00                              	DB	0
   257 0000039F 00                              	DB	0
   258 000003A0 51                              	DB	81
   259 000003A1 57                              	DB	87
   260 000003A2 45                              	DB	69
   261 000003A3 52                              	DB	82
   262 000003A4 54                              	DB	84
   263 000003A5 59                              	DB	89
   264 000003A6 55                              	DB	85
   265 000003A7 49                              	DB	73
   266 000003A8 4F                              	DB	79
   267 000003A9 50                              	DB	80
   268 000003AA 7B                              	DB	123
   269 000003AB 7D                              	DB	125
   270 000003AC 00                              	DB	0
   271 000003AD 00                              	DB	0
   272 000003AE 41                              	DB	65
   273 000003AF 53                              	DB	83
   274 000003B0 44                              	DB	68
   275 000003B1 46                              	DB	70
   276 000003B2 47                              	DB	71
   277 000003B3 48                              	DB	72
   278 000003B4 4A                              	DB	74
   279 000003B5 4B                              	DB	75
   280 000003B6 4C                              	DB	76
   281 000003B7 3A                              	DB	58
   282 000003B8 22                              	DB	34
   283 000003B9 00                              	DB	0
   284 000003BA 00                              	DB	0
   285 000003BB 7C                              	DB	124
   286 000003BC 5A                              	DB	90
   287 000003BD 58                              	DB	88
   288 000003BE 43                              	DB	67
   289 000003BF 56                              	DB	86
   290 000003C0 42                              	DB	66
   291 000003C1 4E                              	DB	78
   292 000003C2 4D                              	DB	77
   293 000003C3 3C                              	DB	60
   294 000003C4 3E                              	DB	62
   295 000003C5 3F                              	DB	63
   296 000003C6 00                              	DB	0
   297 000003C7 2A                              	DB	42
   298 000003C8 00                              	DB	0
   299 000003C9 20                              	DB	32
   300 000003CA 00                              	DB	0
   301 000003CB 00                              	DB	0
   302 000003CC 00                              	DB	0
   303 000003CD 00                              	DB	0
   304 000003CE 00                              	DB	0
   305 000003CF 00                              	DB	0
   306 000003D0 00                              	DB	0
   307 000003D1 00                              	DB	0
   308 000003D2 00                              	DB	0
   309 000003D3 00                              	DB	0
   310 000003D4 00                              	DB	0
   311 000003D5 00                              	DB	0
   312 000003D6 00                              	DB	0
   313 000003D7 37                              	DB	55
   314 000003D8 38                              	DB	56
   315 000003D9 39                              	DB	57
   316 000003DA 2D                              	DB	45
   317 000003DB 34                              	DB	52
   318 000003DC 35                              	DB	53
   319 000003DD 36                              	DB	54
   320 000003DE 2B                              	DB	43
   321 000003DF 31                              	DB	49
   322 000003E0 32                              	DB	50
   323 000003E1 33                              	DB	51
   324 000003E2 30                              	DB	48
   325 000003E3 2E                              	DB	46
   326 000003E4 00                              	DB	0
   327 000003E5 00                              	DB	0
   328 000003E6 00                              	DB	0
   329 000003E7 00                              	DB	0
   330 000003E8 00                              	DB	0
   331 000003E9 00                              	DB	0
   332 000003EA 00                              	DB	0
   333 000003EB 00                              	DB	0
   334 000003EC 00                              	DB	0
   335 000003ED 00                              	DB	0
   336 000003EE 00                              	DB	0
   337 000003EF 00                              	DB	0
   338 000003F0 00                              	DB	0
   339 000003F1 00                              	DB	0
   340 000003F2 00                              	DB	0
   341 000003F3 00                              	DB	0
   342 000003F4 00                              	DB	0
   343 000003F5 00                              	DB	0
   344 000003F6 00                              	DB	0
   345 000003F7 00                              	DB	0
   346 000003F8 00                              	DB	0
   347 000003F9 00                              	DB	0
   348 000003FA 00                              	DB	0
   349 000003FB 00                              	DB	0
   350 000003FC 00                              	DB	0
   351 000003FD 00                              	DB	0
   352 000003FE 00                              	DB	0
   353 000003FF 00                              	DB	0
   354 00000400 00                              	DB	0
   355 00000401 00                              	DB	0
   356 00000402 00                              	DB	0
   357 00000403 5F                              	DB	95
   358 00000404 00                              	DB	0
   359 00000405 00                              	DB	0
   360 00000406 00                              	DB	0
   361 00000407 00                              	DB	0
   362 00000408 00                              	DB	0
   363 00000409 00                              	DB	0
   364 0000040A 00                              	DB	0
   365 0000040B 00                              	DB	0
   366 0000040C 00                              	DB	0
   367 0000040D 7C                              	DB	124
   368 0000040E 00                              	DB	0
   369 0000040F 00                              	DB	0
