     1 00000000                                 [FORMAT "WCOFF"]
     2 00000000                                 [INSTRSET "i486p"]
     3 00000000                                 [OPTIMIZE 1]
     4 00000000                                 [OPTION 1]
     5 00000000                                 [BITS 32]
     6 00000000                                 	EXTERN	_table_rgb
     7 00000000                                 	EXTERN	_io_load_eflags
     8 00000000                                 	EXTERN	_io_cli
     9 00000000                                 	EXTERN	_io_out8
    10 00000000                                 	EXTERN	_io_store_eflags
    11 00000000                                 	EXTERN	_hankaku
    12 00000000                                 	EXTERN	_cursor
    13 00000000                                 	EXTERN	_memman_alloc_4k
    14 00000000                                 	EXTERN	_sheet_setbuf
    15 00000000                                 	EXTERN	_closebtn
    16 00000000                                 	EXTERN	_stringlength
    17 00000000                                 	EXTERN	_sheet_refresh
    18 00000000                                 [FILE "graphic.c"]
    19                                          [SECTION .text]
    20 00000000                                 	GLOBAL	_init_palette
    21 00000000                                 _init_palette:
    22 00000000 55                              	PUSH	EBP
    23 00000001 89 E5                           	MOV	EBP,ESP
    24 00000003 68 [00000000]                   	PUSH	_table_rgb
    25 00000008 6A 0F                           	PUSH	15
    26 0000000A 6A 00                           	PUSH	0
    27 0000000C E8 00000002                     	CALL	_set_palette
    28 00000011 C9                              	LEAVE
    29 00000012 C3                              	RET
    30 00000013                                 	GLOBAL	_set_palette
    31 00000013                                 _set_palette:
    32 00000013 55                              	PUSH	EBP
    33 00000014 89 E5                           	MOV	EBP,ESP
    34 00000016 57                              	PUSH	EDI
    35 00000017 56                              	PUSH	ESI
    36 00000018 53                              	PUSH	EBX
    37 00000019 51                              	PUSH	ECX
    38 0000001A 8B 5D 08                        	MOV	EBX,DWORD [8+EBP]
    39 0000001D 8B 7D 0C                        	MOV	EDI,DWORD [12+EBP]
    40 00000020 8B 75 10                        	MOV	ESI,DWORD [16+EBP]
    41 00000023 E8 [00000000]                   	CALL	_io_load_eflags
    42 00000028 89 45 F0                        	MOV	DWORD [-16+EBP],EAX
    43 0000002B E8 [00000000]                   	CALL	_io_cli
    44 00000030 53                              	PUSH	EBX
    45 00000031 68 000003C8                     	PUSH	968
    46 00000036 E8 [00000000]                   	CALL	_io_out8
    47 0000003B 39 FB                           	CMP	EBX,EDI
    48 0000003D 58                              	POP	EAX
    49 0000003E 5A                              	POP	EDX
    50 0000003F 7E 12                           	JLE	L7
    51 00000041                                 L9:
    52 00000041 8B 45 F0                        	MOV	EAX,DWORD [-16+EBP]
    53 00000044 89 45 08                        	MOV	DWORD [8+EBP],EAX
    54 00000047 8D 65 F4                        	LEA	ESP,DWORD [-12+EBP]
    55 0000004A 5B                              	POP	EBX
    56 0000004B 5E                              	POP	ESI
    57 0000004C 5F                              	POP	EDI
    58 0000004D 5D                              	POP	EBP
    59 0000004E E9 [00000000]                   	JMP	_io_store_eflags
    60 00000053                                 L7:
    61 00000053 8A 06                           	MOV	AL,BYTE [ESI]
    62 00000055 43                              	INC	EBX
    63 00000056 C0 E8 02                        	SHR	AL,2
    64 00000059 0F B6 C0                        	MOVZX	EAX,AL
    65 0000005C 50                              	PUSH	EAX
    66 0000005D 68 000003C9                     	PUSH	969
    67 00000062 E8 [00000000]                   	CALL	_io_out8
    68 00000067 8A 46 01                        	MOV	AL,BYTE [1+ESI]
    69 0000006A C0 E8 02                        	SHR	AL,2
    70 0000006D 0F B6 C0                        	MOVZX	EAX,AL
    71 00000070 50                              	PUSH	EAX
    72 00000071 68 000003C9                     	PUSH	969
    73 00000076 E8 [00000000]                   	CALL	_io_out8
    74 0000007B 8A 46 02                        	MOV	AL,BYTE [2+ESI]
    75 0000007E C0 E8 02                        	SHR	AL,2
    76 00000081 83 C6 03                        	ADD	ESI,3
    77 00000084 0F B6 C0                        	MOVZX	EAX,AL
    78 00000087 50                              	PUSH	EAX
    79 00000088 68 000003C9                     	PUSH	969
    80 0000008D E8 [00000000]                   	CALL	_io_out8
    81 00000092 83 C4 18                        	ADD	ESP,24
    82 00000095 39 FB                           	CMP	EBX,EDI
    83 00000097 7E BA                           	JLE	L7
    84 00000099 EB A6                           	JMP	L9
    85 0000009B                                 	GLOBAL	_boxfill8
    86 0000009B                                 _boxfill8:
    87 0000009B 55                              	PUSH	EBP
    88 0000009C 89 E5                           	MOV	EBP,ESP
    89 0000009E 57                              	PUSH	EDI
    90 0000009F 56                              	PUSH	ESI
    91 000000A0 53                              	PUSH	EBX
    92 000000A1 57                              	PUSH	EDI
    93 000000A2 57                              	PUSH	EDI
    94 000000A3 8A 45 10                        	MOV	AL,BYTE [16+EBP]
    95 000000A6 8B 4D 18                        	MOV	ECX,DWORD [24+EBP]
    96 000000A9 8B 7D 1C                        	MOV	EDI,DWORD [28+EBP]
    97 000000AC 88 45 F3                        	MOV	BYTE [-13+EBP],AL
    98 000000AF 3B 4D 20                        	CMP	ECX,DWORD [32+EBP]
    99 000000B2 7F 31                           	JG	L22
   100 000000B4 8B 5D 0C                        	MOV	EBX,DWORD [12+EBP]
   101 000000B7 0F AF D9                        	IMUL	EBX,ECX
   102 000000BA                                 L20:
   103 000000BA 8B 55 14                        	MOV	EDX,DWORD [20+EBP]
   104 000000BD 39 FA                           	CMP	EDX,EDI
   105 000000BF 7F 1B                           	JG	L24
   106 000000C1 8B 75 08                        	MOV	ESI,DWORD [8+EBP]
   107 000000C4 01 DE                           	ADD	ESI,EBX
   108 000000C6 01 D6                           	ADD	ESI,EDX
   109 000000C8 89 75 EC                        	MOV	DWORD [-20+EBP],ESI
   110 000000CB                                 L19:
   111 000000CB 8B 75 EC                        	MOV	ESI,DWORD [-20+EBP]
   112 000000CE 8A 45 F3                        	MOV	AL,BYTE [-13+EBP]
   113 000000D1 42                              	INC	EDX
   114 000000D2 88 06                           	MOV	BYTE [ESI],AL
   115 000000D4 46                              	INC	ESI
   116 000000D5 89 75 EC                        	MOV	DWORD [-20+EBP],ESI
   117 000000D8 39 FA                           	CMP	EDX,EDI
   118 000000DA 7E EF                           	JLE	L19
   119 000000DC                                 L24:
   120 000000DC 41                              	INC	ECX
   121 000000DD 03 5D 0C                        	ADD	EBX,DWORD [12+EBP]
   122 000000E0 3B 4D 20                        	CMP	ECX,DWORD [32+EBP]
   123 000000E3 7E D5                           	JLE	L20
   124 000000E5                                 L22:
   125 000000E5 5B                              	POP	EBX
   126 000000E6 5E                              	POP	ESI
   127 000000E7 5B                              	POP	EBX
   128 000000E8 5E                              	POP	ESI
   129 000000E9 5F                              	POP	EDI
   130 000000EA 5D                              	POP	EBP
   131 000000EB C3                              	RET
   132 000000EC                                 	GLOBAL	_init_screen8
   133 000000EC                                 _init_screen8:
   134 000000EC 55                              	PUSH	EBP
   135 000000ED 89 E5                           	MOV	EBP,ESP
   136 000000EF 57                              	PUSH	EDI
   137 000000F0 56                              	PUSH	ESI
   138 000000F1 53                              	PUSH	EBX
   139 000000F2 83 EC 0C                        	SUB	ESP,12
   140 000000F5 8B 45 10                        	MOV	EAX,DWORD [16+EBP]
   141 000000F8 8B 7D 0C                        	MOV	EDI,DWORD [12+EBP]
   142 000000FB 83 E8 1D                        	SUB	EAX,29
   143 000000FE 4F                              	DEC	EDI
   144 000000FF 50                              	PUSH	EAX
   145 00000100 57                              	PUSH	EDI
   146 00000101 6A 00                           	PUSH	0
   147 00000103 6A 00                           	PUSH	0
   148 00000105 6A 0E                           	PUSH	14
   149 00000107 FF 75 0C                        	PUSH	DWORD [12+EBP]
   150 0000010A FF 75 08                        	PUSH	DWORD [8+EBP]
   151 0000010D E8 FFFFFF89                     	CALL	_boxfill8
   152 00000112 8B 45 10                        	MOV	EAX,DWORD [16+EBP]
   153 00000115 83 E8 1C                        	SUB	EAX,28
   154 00000118 50                              	PUSH	EAX
   155 00000119 57                              	PUSH	EDI
   156 0000011A 50                              	PUSH	EAX
   157 0000011B 6A 00                           	PUSH	0
   158 0000011D 6A 08                           	PUSH	8
   159 0000011F FF 75 0C                        	PUSH	DWORD [12+EBP]
   160 00000122 FF 75 08                        	PUSH	DWORD [8+EBP]
   161 00000125 E8 FFFFFF71                     	CALL	_boxfill8
   162 0000012A 8B 45 10                        	MOV	EAX,DWORD [16+EBP]
   163 0000012D 83 C4 38                        	ADD	ESP,56
   164 00000130 83 E8 1B                        	SUB	EAX,27
   165 00000133 50                              	PUSH	EAX
   166 00000134 57                              	PUSH	EDI
   167 00000135 50                              	PUSH	EAX
   168 00000136 6A 00                           	PUSH	0
   169 00000138 6A 07                           	PUSH	7
   170 0000013A FF 75 0C                        	PUSH	DWORD [12+EBP]
   171 0000013D FF 75 08                        	PUSH	DWORD [8+EBP]
   172 00000140 E8 FFFFFF56                     	CALL	_boxfill8
   173 00000145 8B 45 10                        	MOV	EAX,DWORD [16+EBP]
   174 00000148 48                              	DEC	EAX
   175 00000149 50                              	PUSH	EAX
   176 0000014A 8B 45 10                        	MOV	EAX,DWORD [16+EBP]
   177 0000014D 57                              	PUSH	EDI
   178 0000014E 83 E8 1A                        	SUB	EAX,26
   179 00000151 50                              	PUSH	EAX
   180 00000152 6A 00                           	PUSH	0
   181 00000154 6A 08                           	PUSH	8
   182 00000156 FF 75 0C                        	PUSH	DWORD [12+EBP]
   183 00000159 FF 75 08                        	PUSH	DWORD [8+EBP]
   184 0000015C E8 FFFFFF3A                     	CALL	_boxfill8
   185 00000161 8B 75 10                        	MOV	ESI,DWORD [16+EBP]
   186 00000164 83 C4 38                        	ADD	ESP,56
   187 00000167 83 EE 18                        	SUB	ESI,24
   188 0000016A 56                              	PUSH	ESI
   189 0000016B 6A 3B                           	PUSH	59
   190 0000016D 56                              	PUSH	ESI
   191 0000016E 6A 03                           	PUSH	3
   192 00000170 6A 07                           	PUSH	7
   193 00000172 FF 75 0C                        	PUSH	DWORD [12+EBP]
   194 00000175 FF 75 08                        	PUSH	DWORD [8+EBP]
   195 00000178 E8 FFFFFF1E                     	CALL	_boxfill8
   196 0000017D 8B 45 10                        	MOV	EAX,DWORD [16+EBP]
   197 00000180 83 E8 04                        	SUB	EAX,4
   198 00000183 50                              	PUSH	EAX
   199 00000184 89 45 F0                        	MOV	DWORD [-16+EBP],EAX
   200 00000187 6A 02                           	PUSH	2
   201 00000189 56                              	PUSH	ESI
   202 0000018A 6A 02                           	PUSH	2
   203 0000018C 6A 07                           	PUSH	7
   204 0000018E FF 75 0C                        	PUSH	DWORD [12+EBP]
   205 00000191 FF 75 08                        	PUSH	DWORD [8+EBP]
   206 00000194 E8 FFFFFF02                     	CALL	_boxfill8
   207 00000199 83 C4 38                        	ADD	ESP,56
   208 0000019C FF 75 F0                        	PUSH	DWORD [-16+EBP]
   209 0000019F 6A 3B                           	PUSH	59
   210 000001A1 FF 75 F0                        	PUSH	DWORD [-16+EBP]
   211 000001A4 6A 03                           	PUSH	3
   212 000001A6 6A 0F                           	PUSH	15
   213 000001A8 FF 75 0C                        	PUSH	DWORD [12+EBP]
   214 000001AB FF 75 08                        	PUSH	DWORD [8+EBP]
   215 000001AE E8 FFFFFEE8                     	CALL	_boxfill8
   216 000001B3 8B 45 10                        	MOV	EAX,DWORD [16+EBP]
   217 000001B6 83 E8 05                        	SUB	EAX,5
   218 000001B9 50                              	PUSH	EAX
   219 000001BA 8B 45 10                        	MOV	EAX,DWORD [16+EBP]
   220 000001BD 6A 3B                           	PUSH	59
   221 000001BF 83 E8 17                        	SUB	EAX,23
   222 000001C2 50                              	PUSH	EAX
   223 000001C3 89 45 EC                        	MOV	DWORD [-20+EBP],EAX
   224 000001C6 6A 3B                           	PUSH	59
   225 000001C8 6A 0F                           	PUSH	15
   226 000001CA FF 75 0C                        	PUSH	DWORD [12+EBP]
   227 000001CD FF 75 08                        	PUSH	DWORD [8+EBP]
   228 000001D0 E8 FFFFFEC6                     	CALL	_boxfill8
   229 000001D5 8B 45 10                        	MOV	EAX,DWORD [16+EBP]
   230 000001D8 83 C4 38                        	ADD	ESP,56
   231 000001DB 83 E8 03                        	SUB	EAX,3
   232 000001DE 89 45 E8                        	MOV	DWORD [-24+EBP],EAX
   233 000001E1 50                              	PUSH	EAX
   234 000001E2 6A 3B                           	PUSH	59
   235 000001E4 50                              	PUSH	EAX
   236 000001E5 6A 02                           	PUSH	2
   237 000001E7 6A 00                           	PUSH	0
   238 000001E9 FF 75 0C                        	PUSH	DWORD [12+EBP]
   239 000001EC FF 75 08                        	PUSH	DWORD [8+EBP]
   240 000001EF E8 FFFFFEA7                     	CALL	_boxfill8
   241 000001F4 FF 75 E8                        	PUSH	DWORD [-24+EBP]
   242 000001F7 6A 3C                           	PUSH	60
   243 000001F9 56                              	PUSH	ESI
   244 000001FA 6A 3C                           	PUSH	60
   245 000001FC 6A 00                           	PUSH	0
   246 000001FE FF 75 0C                        	PUSH	DWORD [12+EBP]
   247 00000201 FF 75 08                        	PUSH	DWORD [8+EBP]
   248 00000204 E8 FFFFFE92                     	CALL	_boxfill8
   249 00000209 8B 7D 0C                        	MOV	EDI,DWORD [12+EBP]
   250 0000020C 83 C4 38                        	ADD	ESP,56
   251 0000020F 8B 5D 0C                        	MOV	EBX,DWORD [12+EBP]
   252 00000212 83 EB 04                        	SUB	EBX,4
   253 00000215 83 EF 2F                        	SUB	EDI,47
   254 00000218 56                              	PUSH	ESI
   255 00000219 53                              	PUSH	EBX
   256 0000021A 56                              	PUSH	ESI
   257 0000021B 57                              	PUSH	EDI
   258 0000021C 6A 0F                           	PUSH	15
   259 0000021E FF 75 0C                        	PUSH	DWORD [12+EBP]
   260 00000221 FF 75 08                        	PUSH	DWORD [8+EBP]
   261 00000224 E8 FFFFFE72                     	CALL	_boxfill8
   262 00000229 FF 75 F0                        	PUSH	DWORD [-16+EBP]
   263 0000022C 57                              	PUSH	EDI
   264 0000022D FF 75 EC                        	PUSH	DWORD [-20+EBP]
   265 00000230 57                              	PUSH	EDI
   266 00000231 6A 0F                           	PUSH	15
   267 00000233 FF 75 0C                        	PUSH	DWORD [12+EBP]
   268 00000236 FF 75 08                        	PUSH	DWORD [8+EBP]
   269 00000239 E8 FFFFFE5D                     	CALL	_boxfill8
   270 0000023E 83 C4 38                        	ADD	ESP,56
   271 00000241 FF 75 E8                        	PUSH	DWORD [-24+EBP]
   272 00000244 53                              	PUSH	EBX
   273 00000245 FF 75 E8                        	PUSH	DWORD [-24+EBP]
   274 00000248 57                              	PUSH	EDI
   275 00000249 6A 07                           	PUSH	7
   276 0000024B FF 75 0C                        	PUSH	DWORD [12+EBP]
   277 0000024E FF 75 08                        	PUSH	DWORD [8+EBP]
   278 00000251 E8 FFFFFE45                     	CALL	_boxfill8
   279 00000256 8B 45 0C                        	MOV	EAX,DWORD [12+EBP]
   280 00000259 FF 75 E8                        	PUSH	DWORD [-24+EBP]
   281 0000025C 83 E8 03                        	SUB	EAX,3
   282 0000025F 50                              	PUSH	EAX
   283 00000260 56                              	PUSH	ESI
   284 00000261 50                              	PUSH	EAX
   285 00000262 6A 07                           	PUSH	7
   286 00000264 FF 75 0C                        	PUSH	DWORD [12+EBP]
   287 00000267 FF 75 08                        	PUSH	DWORD [8+EBP]
   288 0000026A E8 FFFFFE2C                     	CALL	_boxfill8
   289 0000026F 8D 65 F4                        	LEA	ESP,DWORD [-12+EBP]
   290 00000272 5B                              	POP	EBX
   291 00000273 5E                              	POP	ESI
   292 00000274 5F                              	POP	EDI
   293 00000275 5D                              	POP	EBP
   294 00000276 C3                              	RET
   295 00000277                                 	GLOBAL	_putfont8
   296 00000277                                 _putfont8:
   297 00000277 55                              	PUSH	EBP
   298 00000278 89 E5                           	MOV	EBP,ESP
   299 0000027A 57                              	PUSH	EDI
   300 0000027B 56                              	PUSH	ESI
   301 0000027C 31 F6                           	XOR	ESI,ESI
   302 0000027E 53                              	PUSH	EBX
   303 0000027F 8B 7D 1C                        	MOV	EDI,DWORD [28+EBP]
   304 00000282 8A 5D 18                        	MOV	BL,BYTE [24+EBP]
   305 00000285                                 L39:
   306 00000285 8B 45 14                        	MOV	EAX,DWORD [20+EBP]
   307 00000288 8B 55 10                        	MOV	EDX,DWORD [16+EBP]
   308 0000028B 01 F0                           	ADD	EAX,ESI
   309 0000028D 0F AF 45 0C                     	IMUL	EAX,DWORD [12+EBP]
   310 00000291 03 45 08                        	ADD	EAX,DWORD [8+EBP]
   311 00000294 8D 0C 02                        	LEA	ECX,DWORD [EDX+EAX*1]
   312 00000297 8A 14 3E                        	MOV	DL,BYTE [ESI+EDI*1]
   313 0000029A 84 D2                           	TEST	DL,DL
   314 0000029C 79 02                           	JNS	L31
   315 0000029E 88 19                           	MOV	BYTE [ECX],BL
   316 000002A0                                 L31:
   317 000002A0 88 D0                           	MOV	AL,DL
   318 000002A2 83 E0 40                        	AND	EAX,64
   319 000002A5 84 C0                           	TEST	AL,AL
   320 000002A7 74 03                           	JE	L32
   321 000002A9 88 59 01                        	MOV	BYTE [1+ECX],BL
   322 000002AC                                 L32:
   323 000002AC 88 D0                           	MOV	AL,DL
   324 000002AE 83 E0 20                        	AND	EAX,32
   325 000002B1 84 C0                           	TEST	AL,AL
   326 000002B3 74 03                           	JE	L33
   327 000002B5 88 59 02                        	MOV	BYTE [2+ECX],BL
   328 000002B8                                 L33:
   329 000002B8 88 D0                           	MOV	AL,DL
   330 000002BA 83 E0 10                        	AND	EAX,16
   331 000002BD 84 C0                           	TEST	AL,AL
   332 000002BF 74 03                           	JE	L34
   333 000002C1 88 59 03                        	MOV	BYTE [3+ECX],BL
   334 000002C4                                 L34:
   335 000002C4 88 D0                           	MOV	AL,DL
   336 000002C6 83 E0 08                        	AND	EAX,8
   337 000002C9 84 C0                           	TEST	AL,AL
   338 000002CB 74 03                           	JE	L35
   339 000002CD 88 59 04                        	MOV	BYTE [4+ECX],BL
   340 000002D0                                 L35:
   341 000002D0 88 D0                           	MOV	AL,DL
   342 000002D2 83 E0 04                        	AND	EAX,4
   343 000002D5 84 C0                           	TEST	AL,AL
   344 000002D7 74 03                           	JE	L36
   345 000002D9 88 59 05                        	MOV	BYTE [5+ECX],BL
   346 000002DC                                 L36:
   347 000002DC 88 D0                           	MOV	AL,DL
   348 000002DE 83 E0 02                        	AND	EAX,2
   349 000002E1 84 C0                           	TEST	AL,AL
   350 000002E3 74 03                           	JE	L37
   351 000002E5 88 59 06                        	MOV	BYTE [6+ECX],BL
   352 000002E8                                 L37:
   353 000002E8 83 E2 01                        	AND	EDX,1
   354 000002EB 84 D2                           	TEST	DL,DL
   355 000002ED 74 03                           	JE	L29
   356 000002EF 88 59 07                        	MOV	BYTE [7+ECX],BL
   357 000002F2                                 L29:
   358 000002F2 46                              	INC	ESI
   359 000002F3 83 FE 0F                        	CMP	ESI,15
   360 000002F6 7E 8D                           	JLE	L39
   361 000002F8 5B                              	POP	EBX
   362 000002F9 5E                              	POP	ESI
   363 000002FA 5F                              	POP	EDI
   364 000002FB 5D                              	POP	EBP
   365 000002FC C3                              	RET
   366 000002FD                                 	GLOBAL	_putfonts8_asc
   367 000002FD                                 _putfonts8_asc:
   368 000002FD 55                              	PUSH	EBP
   369 000002FE 89 E5                           	MOV	EBP,ESP
   370 00000300 57                              	PUSH	EDI
   371 00000301 56                              	PUSH	ESI
   372 00000302 53                              	PUSH	EBX
   373 00000303 50                              	PUSH	EAX
   374 00000304 8B 5D 1C                        	MOV	EBX,DWORD [28+EBP]
   375 00000307 8A 45 18                        	MOV	AL,BYTE [24+EBP]
   376 0000030A 88 45 F3                        	MOV	BYTE [-13+EBP],AL
   377 0000030D 8B 75 10                        	MOV	ESI,DWORD [16+EBP]
   378 00000310 8B 7D 14                        	MOV	EDI,DWORD [20+EBP]
   379 00000313 80 3B 00                        	CMP	BYTE [EBX],0
   380 00000316 75 08                           	JNE	L47
   381 00000318                                 L49:
   382 00000318 8D 65 F4                        	LEA	ESP,DWORD [-12+EBP]
   383 0000031B 5B                              	POP	EBX
   384 0000031C 5E                              	POP	ESI
   385 0000031D 5F                              	POP	EDI
   386 0000031E 5D                              	POP	EBP
   387 0000031F C3                              	RET
   388 00000320                                 L47:
   389 00000320 0F B6 03                        	MOVZX	EAX,BYTE [EBX]
   390 00000323 C1 E0 04                        	SAL	EAX,4
   391 00000326 43                              	INC	EBX
   392 00000327 05 [00000000]                   	ADD	EAX,_hankaku
   393 0000032C 50                              	PUSH	EAX
   394 0000032D 0F BE 45 F3                     	MOVSX	EAX,BYTE [-13+EBP]
   395 00000331 50                              	PUSH	EAX
   396 00000332 57                              	PUSH	EDI
   397 00000333 56                              	PUSH	ESI
   398 00000334 83 C6 08                        	ADD	ESI,8
   399 00000337 FF 75 0C                        	PUSH	DWORD [12+EBP]
   400 0000033A FF 75 08                        	PUSH	DWORD [8+EBP]
   401 0000033D E8 FFFFFF35                     	CALL	_putfont8
   402 00000342 83 C4 18                        	ADD	ESP,24
   403 00000345 80 3B 00                        	CMP	BYTE [EBX],0
   404 00000348 75 D6                           	JNE	L47
   405 0000034A EB CC                           	JMP	L49
   406 0000034C                                 	GLOBAL	_init_mouse_cursor8
   407 0000034C                                 _init_mouse_cursor8:
   408 0000034C 55                              	PUSH	EBP
   409 0000034D 89 E5                           	MOV	EBP,ESP
   410 0000034F 57                              	PUSH	EDI
   411 00000350 56                              	PUSH	ESI
   412 00000351 31 F6                           	XOR	ESI,ESI
   413 00000353 53                              	PUSH	EBX
   414 00000354 31 DB                           	XOR	EBX,EBX
   415 00000356 50                              	PUSH	EAX
   416 00000357 8A 45 0C                        	MOV	AL,BYTE [12+EBP]
   417 0000035A 8B 7D 08                        	MOV	EDI,DWORD [8+EBP]
   418 0000035D 88 45 F3                        	MOV	BYTE [-13+EBP],AL
   419 00000360                                 L63:
   420 00000360 31 C9                           	XOR	ECX,ECX
   421 00000362 8D 14 1F                        	LEA	EDX,DWORD [EDI+EBX*1]
   422 00000365                                 L62:
   423 00000365 8D 83 [00000000]                	LEA	EAX,DWORD [_cursor+EBX]
   424 0000036B 80 3C 01 2A                     	CMP	BYTE [ECX+EAX*1],42
   425 0000036F 74 2E                           	JE	L68
   426 00000371                                 L59:
   427 00000371 80 3C 01 4F                     	CMP	BYTE [ECX+EAX*1],79
   428 00000375 74 23                           	JE	L69
   429 00000377                                 L60:
   430 00000377 80 3C 01 2E                     	CMP	BYTE [ECX+EAX*1],46
   431 0000037B 74 16                           	JE	L70
   432 0000037D                                 L57:
   433 0000037D 41                              	INC	ECX
   434 0000037E 42                              	INC	EDX
   435 0000037F 83 F9 0F                        	CMP	ECX,15
   436 00000382 7E E1                           	JLE	L62
   437 00000384 46                              	INC	ESI
   438 00000385 83 C3 10                        	ADD	EBX,16
   439 00000388 83 FE 0F                        	CMP	ESI,15
   440 0000038B 7E D3                           	JLE	L63
   441 0000038D 58                              	POP	EAX
   442 0000038E 5B                              	POP	EBX
   443 0000038F 5E                              	POP	ESI
   444 00000390 5F                              	POP	EDI
   445 00000391 5D                              	POP	EBP
   446 00000392 C3                              	RET
   447 00000393                                 L70:
   448 00000393 8A 45 F3                        	MOV	AL,BYTE [-13+EBP]
   449 00000396 88 02                           	MOV	BYTE [EDX],AL
   450 00000398 EB E3                           	JMP	L57
   451 0000039A                                 L69:
   452 0000039A C6 02 07                        	MOV	BYTE [EDX],7
   453 0000039D EB D8                           	JMP	L60
   454 0000039F                                 L68:
   455 0000039F C6 02 00                        	MOV	BYTE [EDX],0
   456 000003A2 EB CD                           	JMP	L59
   457 000003A4                                 	GLOBAL	_putblock8_8
   458 000003A4                                 _putblock8_8:
   459 000003A4 55                              	PUSH	EBP
   460 000003A5 89 E5                           	MOV	EBP,ESP
   461 000003A7 57                              	PUSH	EDI
   462 000003A8 56                              	PUSH	ESI
   463 000003A9 31 F6                           	XOR	ESI,ESI
   464 000003AB 53                              	PUSH	EBX
   465 000003AC 83 EC 0C                        	SUB	ESP,12
   466 000003AF 3B 75 14                        	CMP	ESI,DWORD [20+EBP]
   467 000003B2 7D 3E                           	JGE	L83
   468 000003B4 31 FF                           	XOR	EDI,EDI
   469 000003B6                                 L81:
   470 000003B6 31 DB                           	XOR	EBX,EBX
   471 000003B8 3B 5D 10                        	CMP	EBX,DWORD [16+EBP]
   472 000003BB 7D 2C                           	JGE	L85
   473 000003BD 8B 45 20                        	MOV	EAX,DWORD [32+EBP]
   474 000003C0 01 F8                           	ADD	EAX,EDI
   475 000003C2 89 45 EC                        	MOV	DWORD [-20+EBP],EAX
   476 000003C5                                 L80:
   477 000003C5 8B 45 1C                        	MOV	EAX,DWORD [28+EBP]
   478 000003C8 8B 55 18                        	MOV	EDX,DWORD [24+EBP]
   479 000003CB 01 F0                           	ADD	EAX,ESI
   480 000003CD 01 DA                           	ADD	EDX,EBX
   481 000003CF 0F AF 45 0C                     	IMUL	EAX,DWORD [12+EBP]
   482 000003D3 01 D0                           	ADD	EAX,EDX
   483 000003D5 8B 4D 08                        	MOV	ECX,DWORD [8+EBP]
   484 000003D8 8B 55 EC                        	MOV	EDX,DWORD [-20+EBP]
   485 000003DB 43                              	INC	EBX
   486 000003DC 8A 12                           	MOV	DL,BYTE [EDX]
   487 000003DE 88 14 08                        	MOV	BYTE [EAX+ECX*1],DL
   488 000003E1 FF 45 EC                        	INC	DWORD [-20+EBP]
   489 000003E4 3B 5D 10                        	CMP	EBX,DWORD [16+EBP]
   490 000003E7 7C DC                           	JL	L80
   491 000003E9                                 L85:
   492 000003E9 46                              	INC	ESI
   493 000003EA 03 7D 24                        	ADD	EDI,DWORD [36+EBP]
   494 000003ED 3B 75 14                        	CMP	ESI,DWORD [20+EBP]
   495 000003F0 7C C4                           	JL	L81
   496 000003F2                                 L83:
   497 000003F2 83 C4 0C                        	ADD	ESP,12
   498 000003F5 5B                              	POP	EBX
   499 000003F6 5E                              	POP	ESI
   500 000003F7 5F                              	POP	EDI
   501 000003F8 5D                              	POP	EBP
   502 000003F9 C3                              	RET
   503 000003FA                                 	GLOBAL	_make_window8
   504 000003FA                                 _make_window8:
   505 000003FA 55                              	PUSH	EBP
   506 000003FB 89 E5                           	MOV	EBP,ESP
   507 000003FD 57                              	PUSH	EDI
   508 000003FE 56                              	PUSH	ESI
   509 000003FF 53                              	PUSH	EBX
   510 00000400 83 EC 20                        	SUB	ESP,32
   511 00000403 8B 45 0C                        	MOV	EAX,DWORD [12+EBP]
   512 00000406 8B 5D 10                        	MOV	EBX,DWORD [16+EBP]
   513 00000409 89 45 F0                        	MOV	DWORD [-16+EBP],EAX
   514 0000040C 8B 45 14                        	MOV	EAX,DWORD [20+EBP]
   515 0000040F 89 45 EC                        	MOV	DWORD [-20+EBP],EAX
   516 00000412 8B 45 18                        	MOV	EAX,DWORD [24+EBP]
   517 00000415 89 45 E8                        	MOV	DWORD [-24+EBP],EAX
   518 00000418 0F BE 45 1C                     	MOVSX	EAX,BYTE [28+EBP]
   519 0000041C 89 45 E4                        	MOV	DWORD [-28+EBP],EAX
   520 0000041F 8B 45 EC                        	MOV	EAX,DWORD [-20+EBP]
   521 00000422 0F AF C3                        	IMUL	EAX,EBX
   522 00000425 50                              	PUSH	EAX
   523 00000426 FF 75 08                        	PUSH	DWORD [8+EBP]
   524 00000429 E8 [00000000]                   	CALL	_memman_alloc_4k
   525 0000042E 6A FF                           	PUSH	-1
   526 00000430 FF 75 EC                        	PUSH	DWORD [-20+EBP]
   527 00000433 53                              	PUSH	EBX
   528 00000434 89 C6                           	MOV	ESI,EAX
   529 00000436 50                              	PUSH	EAX
   530 00000437 FF 75 F0                        	PUSH	DWORD [-16+EBP]
   531 0000043A E8 [00000000]                   	CALL	_sheet_setbuf
   532 0000043F 8D 43 FF                        	LEA	EAX,DWORD [-1+EBX]
   533 00000442 6A 00                           	PUSH	0
   534 00000444 89 45 E0                        	MOV	DWORD [-32+EBP],EAX
   535 00000447 50                              	PUSH	EAX
   536 00000448 6A 00                           	PUSH	0
   537 0000044A 6A 00                           	PUSH	0
   538 0000044C 6A 08                           	PUSH	8
   539 0000044E 53                              	PUSH	EBX
   540 0000044F 56                              	PUSH	ESI
   541 00000450 E8 FFFFFC46                     	CALL	_boxfill8
   542 00000455 8D 43 FE                        	LEA	EAX,DWORD [-2+EBX]
   543 00000458 83 C4 38                        	ADD	ESP,56
   544 0000045B 6A 01                           	PUSH	1
   545 0000045D 89 45 DC                        	MOV	DWORD [-36+EBP],EAX
   546 00000460 50                              	PUSH	EAX
   547 00000461 6A 01                           	PUSH	1
   548 00000463 6A 01                           	PUSH	1
   549 00000465 6A 07                           	PUSH	7
   550 00000467 53                              	PUSH	EBX
   551 00000468 56                              	PUSH	ESI
   552 00000469 E8 FFFFFC2D                     	CALL	_boxfill8
   553 0000046E 8B 45 EC                        	MOV	EAX,DWORD [-20+EBP]
   554 00000471 48                              	DEC	EAX
   555 00000472 89 45 D8                        	MOV	DWORD [-40+EBP],EAX
   556 00000475 50                              	PUSH	EAX
   557 00000476 6A 00                           	PUSH	0
   558 00000478 6A 00                           	PUSH	0
   559 0000047A 6A 00                           	PUSH	0
   560 0000047C 6A 08                           	PUSH	8
   561 0000047E 53                              	PUSH	EBX
   562 0000047F 56                              	PUSH	ESI
   563 00000480 E8 FFFFFC16                     	CALL	_boxfill8
   564 00000485 8B 7D EC                        	MOV	EDI,DWORD [-20+EBP]
   565 00000488 83 C4 38                        	ADD	ESP,56
   566 0000048B 83 EF 02                        	SUB	EDI,2
   567 0000048E 57                              	PUSH	EDI
   568 0000048F 6A 01                           	PUSH	1
   569 00000491 6A 01                           	PUSH	1
   570 00000493 6A 01                           	PUSH	1
   571 00000495 6A 07                           	PUSH	7
   572 00000497 53                              	PUSH	EBX
   573 00000498 56                              	PUSH	ESI
   574 00000499 E8 FFFFFBFD                     	CALL	_boxfill8
   575 0000049E 57                              	PUSH	EDI
   576 0000049F FF 75 DC                        	PUSH	DWORD [-36+EBP]
   577 000004A2 6A 01                           	PUSH	1
   578 000004A4 FF 75 DC                        	PUSH	DWORD [-36+EBP]
   579 000004A7 6A 0F                           	PUSH	15
   580 000004A9 53                              	PUSH	EBX
   581 000004AA 56                              	PUSH	ESI
   582 000004AB E8 FFFFFBEB                     	CALL	_boxfill8
   583 000004B0 83 C4 38                        	ADD	ESP,56
   584 000004B3 FF 75 D8                        	PUSH	DWORD [-40+EBP]
   585 000004B6 FF 75 E0                        	PUSH	DWORD [-32+EBP]
   586 000004B9 6A 00                           	PUSH	0
   587 000004BB FF 75 E0                        	PUSH	DWORD [-32+EBP]
   588 000004BE 6A 00                           	PUSH	0
   589 000004C0 53                              	PUSH	EBX
   590 000004C1 56                              	PUSH	ESI
   591 000004C2 E8 FFFFFBD4                     	CALL	_boxfill8
   592 000004C7 8B 45 EC                        	MOV	EAX,DWORD [-20+EBP]
   593 000004CA 83 E8 03                        	SUB	EAX,3
   594 000004CD 50                              	PUSH	EAX
   595 000004CE 8D 43 FD                        	LEA	EAX,DWORD [-3+EBX]
   596 000004D1 50                              	PUSH	EAX
   597 000004D2 6A 02                           	PUSH	2
   598 000004D4 6A 02                           	PUSH	2
   599 000004D6 6A 08                           	PUSH	8
   600 000004D8 53                              	PUSH	EBX
   601 000004D9 56                              	PUSH	ESI
   602 000004DA E8 FFFFFBBC                     	CALL	_boxfill8
   603 000004DF 83 C4 38                        	ADD	ESP,56
   604 000004E2 57                              	PUSH	EDI
   605 000004E3 FF 75 DC                        	PUSH	DWORD [-36+EBP]
   606 000004E6 57                              	PUSH	EDI
   607 000004E7 6A 01                           	PUSH	1
   608 000004E9 6A 0F                           	PUSH	15
   609 000004EB 53                              	PUSH	EBX
   610 000004EC 56                              	PUSH	ESI
   611 000004ED E8 FFFFFBA9                     	CALL	_boxfill8
   612 000004F2 FF 75 D8                        	PUSH	DWORD [-40+EBP]
   613 000004F5 FF 75 E0                        	PUSH	DWORD [-32+EBP]
   614 000004F8 FF 75 D8                        	PUSH	DWORD [-40+EBP]
   615 000004FB 6A 00                           	PUSH	0
   616 000004FD 6A 00                           	PUSH	0
   617 000004FF 53                              	PUSH	EBX
   618 00000500 56                              	PUSH	ESI
   619 00000501 E8 FFFFFB95                     	CALL	_boxfill8
   620 00000506 8B 45 E4                        	MOV	EAX,DWORD [-28+EBP]
   621 00000509 89 45 10                        	MOV	DWORD [16+EBP],EAX
   622 0000050C 83 C4 38                        	ADD	ESP,56
   623 0000050F 8B 45 E8                        	MOV	EAX,DWORD [-24+EBP]
   624 00000512 89 45 0C                        	MOV	DWORD [12+EBP],EAX
   625 00000515 8B 45 F0                        	MOV	EAX,DWORD [-16+EBP]
   626 00000518 89 45 08                        	MOV	DWORD [8+EBP],EAX
   627 0000051B 8D 65 F4                        	LEA	ESP,DWORD [-12+EBP]
   628 0000051E 5B                              	POP	EBX
   629 0000051F 5E                              	POP	ESI
   630 00000520 5F                              	POP	EDI
   631 00000521 5D                              	POP	EBP
   632 00000522 EB 00                           	JMP	_set_win_title_bar
   633 00000524                                 	GLOBAL	_set_win_title_bar
   634 00000524                                 _set_win_title_bar:
   635 00000524 55                              	PUSH	EBP
   636 00000525 89 E5                           	MOV	EBP,ESP
   637 00000527 57                              	PUSH	EDI
   638 00000528 56                              	PUSH	ESI
   639 00000529 53                              	PUSH	EBX
   640 0000052A 50                              	PUSH	EAX
   641 0000052B 80 7D 10 00                     	CMP	BYTE [16+EBP],0
   642 0000052F 0F 84 000000A8                  	JE	L88
   643 00000535 B3 07                           	MOV	BL,7
   644 00000537 B1 0C                           	MOV	CL,12
   645 00000539                                 L89:
   646 00000539 8B 45 08                        	MOV	EAX,DWORD [8+EBP]
   647 0000053C 6A 14                           	PUSH	20
   648 0000053E 31 F6                           	XOR	ESI,ESI
   649 00000540 BF [00000000]                   	MOV	EDI,_closebtn
   650 00000545 8B 50 04                        	MOV	EDX,DWORD [4+EAX]
   651 00000548 8D 42 FC                        	LEA	EAX,DWORD [-4+EDX]
   652 0000054B 50                              	PUSH	EAX
   653 0000054C 6A 03                           	PUSH	3
   654 0000054E 6A 03                           	PUSH	3
   655 00000550 0F B6 C1                        	MOVZX	EAX,CL
   656 00000553 50                              	PUSH	EAX
   657 00000554 8B 45 08                        	MOV	EAX,DWORD [8+EBP]
   658 00000557 52                              	PUSH	EDX
   659 00000558 FF 30                           	PUSH	DWORD [EAX]
   660 0000055A E8 FFFFFB3C                     	CALL	_boxfill8
   661 0000055F FF 75 0C                        	PUSH	DWORD [12+EBP]
   662 00000562 0F BE C3                        	MOVSX	EAX,BL
   663 00000565 50                              	PUSH	EAX
   664 00000566 8B 45 08                        	MOV	EAX,DWORD [8+EBP]
   665 00000569 6A 04                           	PUSH	4
   666 0000056B 6A 18                           	PUSH	24
   667 0000056D FF 70 04                        	PUSH	DWORD [4+EAX]
   668 00000570 FF 30                           	PUSH	DWORD [EAX]
   669 00000572 E8 FFFFFD86                     	CALL	_putfonts8_asc
   670 00000577 83 C4 34                        	ADD	ESP,52
   671 0000057A                                 L107:
   672 0000057A 31 DB                           	XOR	EBX,EBX
   673 0000057C                                 L106:
   674 0000057C 8A 0C 3B                        	MOV	CL,BYTE [EBX+EDI*1]
   675 0000057F 0F BE C1                        	MOVSX	EAX,CL
   676 00000582 83 F8 4F                        	CMP	EAX,79
   677 00000585 74 52                           	JE	L102
   678 00000587 83 F8 4F                        	CMP	EAX,79
   679 0000058A 7F 44                           	JG	L105
   680 0000058C 83 F8 24                        	CMP	EAX,36
   681 0000058F 74 3B                           	JE	L100
   682 00000591 83 F8 40                        	CMP	EAX,64
   683 00000594 74 32                           	JE	L99
   684 00000596                                 L98:
   685 00000596 8B 45 08                        	MOV	EAX,DWORD [8+EBP]
   686 00000599 8D 56 05                        	LEA	EDX,DWORD [5+ESI]
   687 0000059C 8B 40 04                        	MOV	EAX,DWORD [4+EAX]
   688 0000059F 0F AF D0                        	IMUL	EDX,EAX
   689 000005A2 89 45 F0                        	MOV	DWORD [-16+EBP],EAX
   690 000005A5 01 D8                           	ADD	EAX,EBX
   691 000005A7 01 C2                           	ADD	EDX,EAX
   692 000005A9 43                              	INC	EBX
   693 000005AA 8B 45 08                        	MOV	EAX,DWORD [8+EBP]
   694 000005AD 03 10                           	ADD	EDX,DWORD [EAX]
   695 000005AF 83 FB 0F                        	CMP	EBX,15
   696 000005B2 88 4A EB                        	MOV	BYTE [-21+EDX],CL
   697 000005B5 7E C5                           	JLE	L106
   698 000005B7 46                              	INC	ESI
   699 000005B8 83 C7 10                        	ADD	EDI,16
   700 000005BB 83 FE 0D                        	CMP	ESI,13
   701 000005BE 7E BA                           	JLE	L107
   702 000005C0 8D 65 F4                        	LEA	ESP,DWORD [-12+EBP]
   703 000005C3 5B                              	POP	EBX
   704 000005C4 5E                              	POP	ESI
   705 000005C5 5F                              	POP	EDI
   706 000005C6 5D                              	POP	EBP
   707 000005C7 C3                              	RET
   708 000005C8                                 L99:
   709 000005C8 31 C9                           	XOR	ECX,ECX
   710 000005CA EB CA                           	JMP	L98
   711 000005CC                                 L100:
   712 000005CC B1 0F                           	MOV	CL,15
   713 000005CE EB C6                           	JMP	L98
   714 000005D0                                 L105:
   715 000005D0 83 F8 51                        	CMP	EAX,81
   716 000005D3 75 C1                           	JNE	L98
   717 000005D5 B1 08                           	MOV	CL,8
   718 000005D7 EB BD                           	JMP	L98
   719 000005D9                                 L102:
   720 000005D9 B1 07                           	MOV	CL,7
   721 000005DB EB B9                           	JMP	L98
   722 000005DD                                 L88:
   723 000005DD B3 08                           	MOV	BL,8
   724 000005DF B1 0F                           	MOV	CL,15
   725 000005E1 E9 FFFFFF53                     	JMP	L89
   726 000005E6                                 	GLOBAL	_make_textbox8
   727 000005E6                                 _make_textbox8:
   728 000005E6 55                              	PUSH	EBP
   729 000005E7 89 E5                           	MOV	EBP,ESP
   730 000005E9 57                              	PUSH	EDI
   731 000005EA 56                              	PUSH	ESI
   732 000005EB 53                              	PUSH	EBX
   733 000005EC 83 EC 14                        	SUB	ESP,20
   734 000005EF 8B 45 0C                        	MOV	EAX,DWORD [12+EBP]
   735 000005F2 8B 75 10                        	MOV	ESI,DWORD [16+EBP]
   736 000005F5 03 45 14                        	ADD	EAX,DWORD [20+EBP]
   737 000005F8 83 EE 03                        	SUB	ESI,3
   738 000005FB 56                              	PUSH	ESI
   739 000005FC 89 45 F0                        	MOV	DWORD [-16+EBP],EAX
   740 000005FF 8B 45 10                        	MOV	EAX,DWORD [16+EBP]
   741 00000602 03 45 18                        	ADD	EAX,DWORD [24+EBP]
   742 00000605 89 45 EC                        	MOV	DWORD [-20+EBP],EAX
   743 00000608 8B 45 F0                        	MOV	EAX,DWORD [-16+EBP]
   744 0000060B 40                              	INC	EAX
   745 0000060C 50                              	PUSH	EAX
   746 0000060D 89 45 E8                        	MOV	DWORD [-24+EBP],EAX
   747 00000610 8B 45 0C                        	MOV	EAX,DWORD [12+EBP]
   748 00000613 56                              	PUSH	ESI
   749 00000614 83 E8 02                        	SUB	EAX,2
   750 00000617 50                              	PUSH	EAX
   751 00000618 89 45 E4                        	MOV	DWORD [-28+EBP],EAX
   752 0000061B 8B 45 08                        	MOV	EAX,DWORD [8+EBP]
   753 0000061E 6A 0F                           	PUSH	15
   754 00000620 FF 70 04                        	PUSH	DWORD [4+EAX]
   755 00000623 FF 30                           	PUSH	DWORD [EAX]
   756 00000625 E8 FFFFFA71                     	CALL	_boxfill8
   757 0000062A 8B 7D 0C                        	MOV	EDI,DWORD [12+EBP]
   758 0000062D 8B 45 EC                        	MOV	EAX,DWORD [-20+EBP]
   759 00000630 83 EF 03                        	SUB	EDI,3
   760 00000633 40                              	INC	EAX
   761 00000634 50                              	PUSH	EAX
   762 00000635 89 45 E0                        	MOV	DWORD [-32+EBP],EAX
   763 00000638 57                              	PUSH	EDI
   764 00000639 8B 45 08                        	MOV	EAX,DWORD [8+EBP]
   765 0000063C 56                              	PUSH	ESI
   766 0000063D 57                              	PUSH	EDI
   767 0000063E 6A 0F                           	PUSH	15
   768 00000640 FF 70 04                        	PUSH	DWORD [4+EAX]
   769 00000643 FF 30                           	PUSH	DWORD [EAX]
   770 00000645 E8 FFFFFA51                     	CALL	_boxfill8
   771 0000064A 8B 45 08                        	MOV	EAX,DWORD [8+EBP]
   772 0000064D 83 C4 38                        	ADD	ESP,56
   773 00000650 8B 5D EC                        	MOV	EBX,DWORD [-20+EBP]
   774 00000653 83 C3 02                        	ADD	EBX,2
   775 00000656 53                              	PUSH	EBX
   776 00000657 FF 75 E8                        	PUSH	DWORD [-24+EBP]
   777 0000065A 53                              	PUSH	EBX
   778 0000065B 57                              	PUSH	EDI
   779 0000065C 6A 07                           	PUSH	7
   780 0000065E FF 70 04                        	PUSH	DWORD [4+EAX]
   781 00000661 FF 30                           	PUSH	DWORD [EAX]
   782 00000663 E8 FFFFFA33                     	CALL	_boxfill8
   783 00000668 8B 45 F0                        	MOV	EAX,DWORD [-16+EBP]
   784 0000066B 53                              	PUSH	EBX
   785 0000066C 83 C0 02                        	ADD	EAX,2
   786 0000066F 50                              	PUSH	EAX
   787 00000670 56                              	PUSH	ESI
   788 00000671 50                              	PUSH	EAX
   789 00000672 8B 45 08                        	MOV	EAX,DWORD [8+EBP]
   790 00000675 6A 07                           	PUSH	7
   791 00000677 FF 70 04                        	PUSH	DWORD [4+EAX]
   792 0000067A FF 30                           	PUSH	DWORD [EAX]
   793 0000067C E8 FFFFFA1A                     	CALL	_boxfill8
   794 00000681 8B 45 08                        	MOV	EAX,DWORD [8+EBP]
   795 00000684 83 C4 38                        	ADD	ESP,56
   796 00000687 8B 5D 10                        	MOV	EBX,DWORD [16+EBP]
   797 0000068A 83 EB 02                        	SUB	EBX,2
   798 0000068D 8B 7D 0C                        	MOV	EDI,DWORD [12+EBP]
   799 00000690 53                              	PUSH	EBX
   800 00000691 4F                              	DEC	EDI
   801 00000692 FF 75 F0                        	PUSH	DWORD [-16+EBP]
   802 00000695 53                              	PUSH	EBX
   803 00000696 57                              	PUSH	EDI
   804 00000697 6A 00                           	PUSH	0
   805 00000699 FF 70 04                        	PUSH	DWORD [4+EAX]
   806 0000069C FF 30                           	PUSH	DWORD [EAX]
   807 0000069E E8 FFFFF9F8                     	CALL	_boxfill8
   808 000006A3 8B 45 08                        	MOV	EAX,DWORD [8+EBP]
   809 000006A6 FF 75 EC                        	PUSH	DWORD [-20+EBP]
   810 000006A9 FF 75 E4                        	PUSH	DWORD [-28+EBP]
   811 000006AC 53                              	PUSH	EBX
   812 000006AD FF 75 E4                        	PUSH	DWORD [-28+EBP]
   813 000006B0 6A 00                           	PUSH	0
   814 000006B2 FF 70 04                        	PUSH	DWORD [4+EAX]
   815 000006B5 FF 30                           	PUSH	DWORD [EAX]
   816 000006B7 E8 FFFFF9DF                     	CALL	_boxfill8
   817 000006BC 8B 45 08                        	MOV	EAX,DWORD [8+EBP]
   818 000006BF 83 C4 38                        	ADD	ESP,56
   819 000006C2 FF 75 E0                        	PUSH	DWORD [-32+EBP]
   820 000006C5 FF 75 F0                        	PUSH	DWORD [-16+EBP]
   821 000006C8 FF 75 E0                        	PUSH	DWORD [-32+EBP]
   822 000006CB FF 75 E4                        	PUSH	DWORD [-28+EBP]
   823 000006CE 6A 08                           	PUSH	8
   824 000006D0 FF 70 04                        	PUSH	DWORD [4+EAX]
   825 000006D3 FF 30                           	PUSH	DWORD [EAX]
   826 000006D5 E8 FFFFF9C1                     	CALL	_boxfill8
   827 000006DA 8B 45 08                        	MOV	EAX,DWORD [8+EBP]
   828 000006DD FF 75 E0                        	PUSH	DWORD [-32+EBP]
   829 000006E0 FF 75 E8                        	PUSH	DWORD [-24+EBP]
   830 000006E3 53                              	PUSH	EBX
   831 000006E4 FF 75 E8                        	PUSH	DWORD [-24+EBP]
   832 000006E7 6A 08                           	PUSH	8
   833 000006E9 FF 70 04                        	PUSH	DWORD [4+EAX]
   834 000006EC FF 30                           	PUSH	DWORD [EAX]
   835 000006EE E8 FFFFF9A8                     	CALL	_boxfill8
   836 000006F3 8B 45 10                        	MOV	EAX,DWORD [16+EBP]
   837 000006F6 83 C4 38                        	ADD	ESP,56
   838 000006F9 48                              	DEC	EAX
   839 000006FA FF 75 EC                        	PUSH	DWORD [-20+EBP]
   840 000006FD FF 75 F0                        	PUSH	DWORD [-16+EBP]
   841 00000700 50                              	PUSH	EAX
   842 00000701 57                              	PUSH	EDI
   843 00000702 0F B6 45 1C                     	MOVZX	EAX,BYTE [28+EBP]
   844 00000706 50                              	PUSH	EAX
   845 00000707 8B 45 08                        	MOV	EAX,DWORD [8+EBP]
   846 0000070A FF 70 04                        	PUSH	DWORD [4+EAX]
   847 0000070D FF 30                           	PUSH	DWORD [EAX]
   848 0000070F E8 FFFFF987                     	CALL	_boxfill8
   849 00000714 8D 65 F4                        	LEA	ESP,DWORD [-12+EBP]
   850 00000717 5B                              	POP	EBX
   851 00000718 5E                              	POP	ESI
   852 00000719 5F                              	POP	EDI
   853 0000071A 5D                              	POP	EBP
   854 0000071B C3                              	RET
   855 0000071C                                 	GLOBAL	_putStrOnSheet
   856 0000071C                                 _putStrOnSheet:
   857 0000071C 55                              	PUSH	EBP
   858 0000071D 89 E5                           	MOV	EBP,ESP
   859 0000071F 57                              	PUSH	EDI
   860 00000720 56                              	PUSH	ESI
   861 00000721 53                              	PUSH	EBX
   862 00000722 83 EC 14                        	SUB	ESP,20
   863 00000725 8B 45 08                        	MOV	EAX,DWORD [8+EBP]
   864 00000728 8B 5D 10                        	MOV	EBX,DWORD [16+EBP]
   865 0000072B 89 45 F0                        	MOV	DWORD [-16+EBP],EAX
   866 0000072E 8B 75 0C                        	MOV	ESI,DWORD [12+EBP]
   867 00000731 8B 45 14                        	MOV	EAX,DWORD [20+EBP]
   868 00000734 89 45 EC                        	MOV	DWORD [-20+EBP],EAX
   869 00000737 8B 45 18                        	MOV	EAX,DWORD [24+EBP]
   870 0000073A 89 45 E8                        	MOV	DWORD [-24+EBP],EAX
   871 0000073D 50                              	PUSH	EAX
   872 0000073E E8 [00000000]                   	CALL	_stringlength
   873 00000743 89 C7                           	MOV	EDI,EAX
   874 00000745 8B 45 F0                        	MOV	EAX,DWORD [-16+EBP]
   875 00000748 8B 40 04                        	MOV	EAX,DWORD [4+EAX]
   876 0000074B 8D 3C FE                        	LEA	EDI,DWORD [ESI+EDI*8]
   877 0000074E 89 C2                           	MOV	EDX,EAX
   878 00000750 89 45 E0                        	MOV	DWORD [-32+EBP],EAX
   879 00000753 0F AF D3                        	IMUL	EDX,EBX
   880 00000756 8B 45 F0                        	MOV	EAX,DWORD [-16+EBP]
   881 00000759 01 F2                           	ADD	EDX,ESI
   882 0000075B 8B 08                           	MOV	ECX,DWORD [EAX]
   883 0000075D 8D 43 0F                        	LEA	EAX,DWORD [15+EBX]
   884 00000760 50                              	PUSH	EAX
   885 00000761 89 F8                           	MOV	EAX,EDI
   886 00000763 48                              	DEC	EAX
   887 00000764 89 7D E4                        	MOV	DWORD [-28+EBP],EDI
   888 00000767 50                              	PUSH	EAX
   889 00000768 53                              	PUSH	EBX
   890 00000769 56                              	PUSH	ESI
   891 0000076A 0F B6 04 0A                     	MOVZX	EAX,BYTE [EDX+ECX*1]
   892 0000076E 50                              	PUSH	EAX
   893 0000076F FF 75 E0                        	PUSH	DWORD [-32+EBP]
   894 00000772 51                              	PUSH	ECX
   895 00000773 E8 FFFFF923                     	CALL	_boxfill8
   896 00000778 83 C4 20                        	ADD	ESP,32
   897 0000077B FF 75 E8                        	PUSH	DWORD [-24+EBP]
   898 0000077E 0F BE 45 EC                     	MOVSX	EAX,BYTE [-20+EBP]
   899 00000782 50                              	PUSH	EAX
   900 00000783 53                              	PUSH	EBX
   901 00000784 56                              	PUSH	ESI
   902 00000785 8B 45 F0                        	MOV	EAX,DWORD [-16+EBP]
   903 00000788 FF 70 04                        	PUSH	DWORD [4+EAX]
   904 0000078B FF 30                           	PUSH	DWORD [EAX]
   905 0000078D E8 FFFFFB6B                     	CALL	_putfonts8_asc
   906 00000792 89 75 0C                        	MOV	DWORD [12+EBP],ESI
   907 00000795 8D 43 10                        	LEA	EAX,DWORD [16+EBX]
   908 00000798 89 5D 10                        	MOV	DWORD [16+EBP],EBX
   909 0000079B 89 45 18                        	MOV	DWORD [24+EBP],EAX
   910 0000079E 83 C4 18                        	ADD	ESP,24
   911 000007A1 8B 45 E4                        	MOV	EAX,DWORD [-28+EBP]
   912 000007A4 89 45 14                        	MOV	DWORD [20+EBP],EAX
   913 000007A7 8B 45 F0                        	MOV	EAX,DWORD [-16+EBP]
   914 000007AA 89 45 08                        	MOV	DWORD [8+EBP],EAX
   915 000007AD 8D 65 F4                        	LEA	ESP,DWORD [-12+EBP]
   916 000007B0 5B                              	POP	EBX
   917 000007B1 5E                              	POP	ESI
   918 000007B2 5F                              	POP	EDI
   919 000007B3 5D                              	POP	EBP
   920 000007B4 E9 [00000000]                   	JMP	_sheet_refresh
   921 000007B9                                 	GLOBAL	_putStrOnSheet_BG
   922 000007B9                                 _putStrOnSheet_BG:
   923 000007B9 55                              	PUSH	EBP
   924 000007BA 89 E5                           	MOV	EBP,ESP
   925 000007BC 57                              	PUSH	EDI
   926 000007BD 56                              	PUSH	ESI
   927 000007BE 53                              	PUSH	EBX
   928 000007BF 83 EC 10                        	SUB	ESP,16
   929 000007C2 8B 45 08                        	MOV	EAX,DWORD [8+EBP]
   930 000007C5 8B 7D 1C                        	MOV	EDI,DWORD [28+EBP]
   931 000007C8 89 45 F0                        	MOV	DWORD [-16+EBP],EAX
   932 000007CB 8B 75 10                        	MOV	ESI,DWORD [16+EBP]
   933 000007CE 8B 45 0C                        	MOV	EAX,DWORD [12+EBP]
   934 000007D1 8B 5D 18                        	MOV	EBX,DWORD [24+EBP]
   935 000007D4 89 45 EC                        	MOV	DWORD [-20+EBP],EAX
   936 000007D7 8B 45 14                        	MOV	EAX,DWORD [20+EBP]
   937 000007DA 89 45 E8                        	MOV	DWORD [-24+EBP],EAX
   938 000007DD 57                              	PUSH	EDI
   939 000007DE E8 [00000000]                   	CALL	_stringlength
   940 000007E3 89 C2                           	MOV	EDX,EAX
   941 000007E5 8D 46 0F                        	LEA	EAX,DWORD [15+ESI]
   942 000007E8 50                              	PUSH	EAX
   943 000007E9 8B 45 EC                        	MOV	EAX,DWORD [-20+EBP]
   944 000007EC 0F B6 DB                        	MOVZX	EBX,BL
   945 000007EF 8D 14 D0                        	LEA	EDX,DWORD [EAX+EDX*8]
   946 000007F2 89 D0                           	MOV	EAX,EDX
   947 000007F4 89 55 E4                        	MOV	DWORD [-28+EBP],EDX
   948 000007F7 48                              	DEC	EAX
   949 000007F8 50                              	PUSH	EAX
   950 000007F9 56                              	PUSH	ESI
   951 000007FA FF 75 EC                        	PUSH	DWORD [-20+EBP]
   952 000007FD 53                              	PUSH	EBX
   953 000007FE 8B 45 F0                        	MOV	EAX,DWORD [-16+EBP]
   954 00000801 FF 70 04                        	PUSH	DWORD [4+EAX]
   955 00000804 FF 30                           	PUSH	DWORD [EAX]
   956 00000806 E8 FFFFF890                     	CALL	_boxfill8
   957 0000080B 83 C4 20                        	ADD	ESP,32
   958 0000080E 57                              	PUSH	EDI
   959 0000080F 0F BE 45 E8                     	MOVSX	EAX,BYTE [-24+EBP]
   960 00000813 50                              	PUSH	EAX
   961 00000814 56                              	PUSH	ESI
   962 00000815 FF 75 EC                        	PUSH	DWORD [-20+EBP]
   963 00000818 8B 45 F0                        	MOV	EAX,DWORD [-16+EBP]
   964 0000081B FF 70 04                        	PUSH	DWORD [4+EAX]
   965 0000081E FF 30                           	PUSH	DWORD [EAX]
   966 00000820 E8 FFFFFAD8                     	CALL	_putfonts8_asc
   967 00000825 89 75 10                        	MOV	DWORD [16+EBP],ESI
   968 00000828 8D 46 10                        	LEA	EAX,DWORD [16+ESI]
   969 0000082B 83 C4 18                        	ADD	ESP,24
   970 0000082E 89 45 18                        	MOV	DWORD [24+EBP],EAX
   971 00000831 8B 45 E4                        	MOV	EAX,DWORD [-28+EBP]
   972 00000834 89 45 14                        	MOV	DWORD [20+EBP],EAX
   973 00000837 8B 45 EC                        	MOV	EAX,DWORD [-20+EBP]
   974 0000083A 89 45 0C                        	MOV	DWORD [12+EBP],EAX
   975 0000083D 8B 45 F0                        	MOV	EAX,DWORD [-16+EBP]
   976 00000840 89 45 08                        	MOV	DWORD [8+EBP],EAX
   977 00000843 8D 65 F4                        	LEA	ESP,DWORD [-12+EBP]
   978 00000846 5B                              	POP	EBX
   979 00000847 5E                              	POP	ESI
   980 00000848 5F                              	POP	EDI
   981 00000849 5D                              	POP	EBP
   982 0000084A E9 [00000000]                   	JMP	_sheet_refresh
   983 0000084F                                 	GLOBAL	_putBoxOnSheet
   984 0000084F                                 _putBoxOnSheet:
   985 0000084F 55                              	PUSH	EBP
   986 00000850 89 E5                           	MOV	EBP,ESP
   987 00000852 57                              	PUSH	EDI
   988 00000853 56                              	PUSH	ESI
   989 00000854 53                              	PUSH	EBX
   990 00000855 50                              	PUSH	EAX
   991 00000856 50                              	PUSH	EAX
   992 00000857 8B 7D 10                        	MOV	EDI,DWORD [16+EBP]
   993 0000085A 8B 45 08                        	MOV	EAX,DWORD [8+EBP]
   994 0000085D 89 FE                           	MOV	ESI,EDI
   995 0000085F 89 45 F0                        	MOV	DWORD [-16+EBP],EAX
   996 00000862 03 75 18                        	ADD	ESI,DWORD [24+EBP]
   997 00000865 8B 45 0C                        	MOV	EAX,DWORD [12+EBP]
   998 00000868 89 45 EC                        	MOV	DWORD [-20+EBP],EAX
   999 0000086B 8D 46 FF                        	LEA	EAX,DWORD [-1+ESI]
  1000 0000086E 46                              	INC	ESI
  1001 0000086F 50                              	PUSH	EAX
  1002 00000870 8B 5D EC                        	MOV	EBX,DWORD [-20+EBP]
  1003 00000873 03 5D 14                        	ADD	EBX,DWORD [20+EBP]
  1004 00000876 8D 43 FF                        	LEA	EAX,DWORD [-1+EBX]
  1005 00000879 43                              	INC	EBX
  1006 0000087A 50                              	PUSH	EAX
  1007 0000087B 57                              	PUSH	EDI
  1008 0000087C FF 75 EC                        	PUSH	DWORD [-20+EBP]
  1009 0000087F 0F B6 45 1C                     	MOVZX	EAX,BYTE [28+EBP]
  1010 00000883 50                              	PUSH	EAX
  1011 00000884 8B 45 F0                        	MOV	EAX,DWORD [-16+EBP]
  1012 00000887 FF 70 04                        	PUSH	DWORD [4+EAX]
  1013 0000088A FF 30                           	PUSH	DWORD [EAX]
  1014 0000088C E8 FFFFF80A                     	CALL	_boxfill8
  1015 00000891 8B 45 EC                        	MOV	EAX,DWORD [-20+EBP]
  1016 00000894 89 45 0C                        	MOV	DWORD [12+EBP],EAX
  1017 00000897 89 75 18                        	MOV	DWORD [24+EBP],ESI
  1018 0000089A 8B 45 F0                        	MOV	EAX,DWORD [-16+EBP]
  1019 0000089D 89 5D 14                        	MOV	DWORD [20+EBP],EBX
  1020 000008A0 89 7D 10                        	MOV	DWORD [16+EBP],EDI
  1021 000008A3 89 45 08                        	MOV	DWORD [8+EBP],EAX
  1022 000008A6 83 C4 1C                        	ADD	ESP,28
  1023 000008A9 8D 65 F4                        	LEA	ESP,DWORD [-12+EBP]
  1024 000008AC 5B                              	POP	EBX
  1025 000008AD 5E                              	POP	ESI
  1026 000008AE 5F                              	POP	EDI
  1027 000008AF 5D                              	POP	EBP
  1028 000008B0 E9 [00000000]                   	JMP	_sheet_refresh
