     1 00000000                                 [FORMAT "WCOFF"]
     2 00000000                                 [INSTRSET "i486p"]
     3 00000000                                 [OPTIMIZE 1]
     4 00000000                                 [OPTION 1]
     5 00000000                                 [BITS 32]
     6 00000000                                 [FILE "math.c"]
     7                                          [SECTION .text]
     8 00000000                                 	GLOBAL	_max
     9 00000000                                 _max:
    10 00000000 55                              	PUSH	EBP
    11 00000001 89 E5                           	MOV	EBP,ESP
    12 00000003 8B 45 08                        	MOV	EAX,DWORD [8+EBP]
    13 00000006 3B 45 0C                        	CMP	EAX,DWORD [12+EBP]
    14 00000009 7F 03                           	JG	L1
    15 0000000B 8B 45 0C                        	MOV	EAX,DWORD [12+EBP]
    16 0000000E                                 L1:
    17 0000000E 5D                              	POP	EBP
    18 0000000F C3                              	RET
    19 00000010                                 	GLOBAL	_min
    20 00000010                                 _min:
    21 00000010 55                              	PUSH	EBP
    22 00000011 89 E5                           	MOV	EBP,ESP
    23 00000013 8B 45 08                        	MOV	EAX,DWORD [8+EBP]
    24 00000016 3B 45 0C                        	CMP	EAX,DWORD [12+EBP]
    25 00000019 7C 03                           	JL	L4
    26 0000001B 8B 45 0C                        	MOV	EAX,DWORD [12+EBP]
    27 0000001E                                 L4:
    28 0000001E 5D                              	POP	EBP
    29 0000001F C3                              	RET
